{"C:\\Users\\USER\\Documents\\GitHub\\ship\\web\\src\\components\\PlanQualityBanner.tsx": {"path":"C:\\Users\\USER\\Documents\\GitHub\\ship\\web\\src\\components\\PlanQualityBanner.tsx","statementMap":{"0":{"start":{"line":16,"column":16},"end":{"line":16,"column":null}},"1":{"start":{"line":20,"column":36},"end":{"line":20,"column":null}},"2":{"start":{"line":23,"column":2},"end":{"line":23,"column":null}},"3":{"start":{"line":23,"column":22},"end":{"line":23,"column":null}},"4":{"start":{"line":24,"column":2},"end":{"line":32,"column":null}},"5":{"start":{"line":25,"column":16},"end":{"line":25,"column":null}},"6":{"start":{"line":26,"column":4},"end":{"line":26,"column":null}},"7":{"start":{"line":26,"column":17},"end":{"line":26,"column":null}},"8":{"start":{"line":27,"column":17},"end":{"line":27,"column":null}},"9":{"start":{"line":28,"column":4},"end":{"line":28,"column":null}},"10":{"start":{"line":29,"column":4},"end":{"line":29,"column":null}},"11":{"start":{"line":31,"column":4},"end":{"line":31,"column":null}},"12":{"start":{"line":36,"column":2},"end":{"line":36,"column":null}},"13":{"start":{"line":40,"column":16},"end":{"line":40,"column":null}},"14":{"start":{"line":41,"column":2},"end":{"line":49,"column":null}},"15":{"start":{"line":53,"column":16},"end":{"line":53,"column":null}},"16":{"start":{"line":54,"column":2},"end":{"line":62,"column":null}},"17":{"start":{"line":85,"column":15},"end":{"line":85,"column":null}},"18":{"start":{"line":86,"column":21},"end":{"line":86,"column":null}},"19":{"start":{"line":87,"column":2},"end":{"line":89,"column":null}},"20":{"start":{"line":88,"column":14},"end":{"line":88,"column":45}},"21":{"start":{"line":92,"column":24},"end":{"line":97,"column":null}},"22":{"start":{"line":108,"column":33},"end":{"line":108,"column":null}},"23":{"start":{"line":109,"column":28},"end":{"line":109,"column":null}},"24":{"start":{"line":110,"column":36},"end":{"line":110,"column":null}},"25":{"start":{"line":111,"column":8},"end":{"line":111,"column":null}},"26":{"start":{"line":112,"column":8},"end":{"line":112,"column":null}},"27":{"start":{"line":113,"column":8},"end":{"line":113,"column":null}},"28":{"start":{"line":114,"column":8},"end":{"line":114,"column":null}},"29":{"start":{"line":115,"column":2},"end":{"line":115,"column":null}},"30":{"start":{"line":117,"column":8},"end":{"line":120,"column":null}},"31":{"start":{"line":118,"column":4},"end":{"line":118,"column":null}},"32":{"start":{"line":119,"column":4},"end":{"line":119,"column":null}},"33":{"start":{"line":123,"column":2},"end":{"line":160,"column":null}},"34":{"start":{"line":124,"column":20},"end":{"line":124,"column":null}},"35":{"start":{"line":127,"column":4},"end":{"line":127,"column":null}},"36":{"start":{"line":128,"column":4},"end":{"line":128,"column":null}},"37":{"start":{"line":129,"column":4},"end":{"line":129,"column":null}},"38":{"start":{"line":130,"column":4},"end":{"line":130,"column":null}},"39":{"start":{"line":131,"column":4},"end":{"line":131,"column":null}},"40":{"start":{"line":132,"column":4},"end":{"line":132,"column":null}},"41":{"start":{"line":134,"column":4},"end":{"line":143,"column":null}},"42":{"start":{"line":135,"column":17},"end":{"line":135,"column":39}},"43":{"start":{"line":137,"column":8},"end":{"line":137,"column":null}},"44":{"start":{"line":137,"column":23},"end":{"line":137,"column":null}},"45":{"start":{"line":138,"column":8},"end":{"line":138,"column":null}},"46":{"start":{"line":141,"column":8},"end":{"line":141,"column":null}},"47":{"start":{"line":141,"column":23},"end":{"line":141,"column":null}},"48":{"start":{"line":142,"column":8},"end":{"line":142,"column":null}},"49":{"start":{"line":146,"column":4},"end":{"line":155,"column":null}},"50":{"start":{"line":147,"column":17},"end":{"line":147,"column":39}},"51":{"start":{"line":149,"column":8},"end":{"line":149,"column":null}},"52":{"start":{"line":149,"column":23},"end":{"line":149,"column":null}},"53":{"start":{"line":150,"column":8},"end":{"line":153,"column":null}},"54":{"start":{"line":151,"column":10},"end":{"line":151,"column":null}},"55":{"start":{"line":152,"column":10},"end":{"line":152,"column":null}},"56":{"start":{"line":157,"column":4},"end":{"line":159,"column":null}},"57":{"start":{"line":158,"column":6},"end":{"line":158,"column":null}},"58":{"start":{"line":163,"column":8},"end":{"line":167,"column":null}},"59":{"start":{"line":164,"column":4},"end":{"line":166,"column":null}},"60":{"start":{"line":170,"column":8},"end":{"line":203,"column":null}},"61":{"start":{"line":171,"column":23},"end":{"line":171,"column":null}},"62":{"start":{"line":172,"column":4},"end":{"line":172,"column":null}},"63":{"start":{"line":172,"column":47},"end":{"line":172,"column":null}},"64":{"start":{"line":175,"column":4},"end":{"line":183,"column":null}},"65":{"start":{"line":176,"column":26},"end":{"line":176,"column":null}},"66":{"start":{"line":177,"column":6},"end":{"line":181,"column":null}},"67":{"start":{"line":178,"column":8},"end":{"line":178,"column":null}},"68":{"start":{"line":179,"column":8},"end":{"line":179,"column":null}},"69":{"start":{"line":180,"column":8},"end":{"line":180,"column":null}},"70":{"start":{"line":182,"column":6},"end":{"line":182,"column":null}},"71":{"start":{"line":185,"column":4},"end":{"line":185,"column":null}},"72":{"start":{"line":186,"column":26},"end":{"line":186,"column":null}},"73":{"start":{"line":187,"column":4},"end":{"line":187,"column":null}},"74":{"start":{"line":189,"column":4},"end":{"line":202,"column":null}},"75":{"start":{"line":190,"column":17},"end":{"line":190,"column":39}},"76":{"start":{"line":192,"column":8},"end":{"line":192,"column":null}},"77":{"start":{"line":192,"column":52},"end":{"line":192,"column":null}},"78":{"start":{"line":193,"column":8},"end":{"line":196,"column":null}},"79":{"start":{"line":194,"column":10},"end":{"line":194,"column":null}},"80":{"start":{"line":195,"column":10},"end":{"line":195,"column":null}},"81":{"start":{"line":200,"column":8},"end":{"line":200,"column":null}},"82":{"start":{"line":200,"column":52},"end":{"line":200,"column":null}},"83":{"start":{"line":201,"column":8},"end":{"line":201,"column":null}},"84":{"start":{"line":206,"column":2},"end":{"line":209,"column":null}},"85":{"start":{"line":207,"column":4},"end":{"line":207,"column":null}},"86":{"start":{"line":207,"column":40},"end":{"line":207,"column":null}},"87":{"start":{"line":208,"column":4},"end":{"line":208,"column":null}},"88":{"start":{"line":212,"column":2},"end":{"line":225,"column":null}},"89":{"start":{"line":213,"column":4},"end":{"line":213,"column":null}},"90":{"start":{"line":213,"column":34},"end":{"line":213,"column":null}},"91":{"start":{"line":214,"column":20},"end":{"line":214,"column":null}},"92":{"start":{"line":215,"column":4},"end":{"line":221,"column":null}},"93":{"start":{"line":216,"column":17},"end":{"line":216,"column":39}},"94":{"start":{"line":218,"column":8},"end":{"line":218,"column":null}},"95":{"start":{"line":218,"column":23},"end":{"line":218,"column":null}},"96":{"start":{"line":219,"column":8},"end":{"line":219,"column":null}},"97":{"start":{"line":219,"column":26},"end":{"line":219,"column":null}},"98":{"start":{"line":222,"column":4},"end":{"line":224,"column":null}},"99":{"start":{"line":223,"column":6},"end":{"line":223,"column":null}},"100":{"start":{"line":227,"column":2},"end":{"line":227,"column":null}},"101":{"start":{"line":227,"column":29},"end":{"line":227,"column":null}},"102":{"start":{"line":230,"column":2},"end":{"line":244,"column":null}},"103":{"start":{"line":231,"column":4},"end":{"line":242,"column":null}},"104":{"start":{"line":246,"column":21},"end":{"line":246,"column":null}},"105":{"start":{"line":247,"column":19},"end":{"line":247,"column":null}},"106":{"start":{"line":248,"column":20},"end":{"line":248,"column":null}},"107":{"start":{"line":250,"column":2},"end":{"line":296,"column":null}},"108":{"start":{"line":318,"column":36},"end":{"line":318,"column":null}},"109":{"start":{"line":319,"column":33},"end":{"line":319,"column":null}},"110":{"start":{"line":320,"column":28},"end":{"line":320,"column":null}},"111":{"start":{"line":321,"column":36},"end":{"line":321,"column":null}},"112":{"start":{"line":322,"column":8},"end":{"line":322,"column":null}},"113":{"start":{"line":323,"column":8},"end":{"line":323,"column":null}},"114":{"start":{"line":324,"column":8},"end":{"line":324,"column":null}},"115":{"start":{"line":325,"column":8},"end":{"line":325,"column":null}},"116":{"start":{"line":326,"column":8},"end":{"line":326,"column":null}},"117":{"start":{"line":327,"column":2},"end":{"line":327,"column":null}},"118":{"start":{"line":328,"column":2},"end":{"line":328,"column":null}},"119":{"start":{"line":330,"column":8},"end":{"line":333,"column":null}},"120":{"start":{"line":331,"column":4},"end":{"line":331,"column":null}},"121":{"start":{"line":332,"column":4},"end":{"line":332,"column":null}},"122":{"start":{"line":336,"column":2},"end":{"line":340,"column":null}},"123":{"start":{"line":337,"column":4},"end":{"line":339,"column":null}},"124":{"start":{"line":338,"column":6},"end":{"line":338,"column":null}},"125":{"start":{"line":343,"column":2},"end":{"line":406,"column":null}},"126":{"start":{"line":344,"column":20},"end":{"line":344,"column":null}},"127":{"start":{"line":347,"column":4},"end":{"line":347,"column":null}},"128":{"start":{"line":348,"column":4},"end":{"line":348,"column":null}},"129":{"start":{"line":349,"column":4},"end":{"line":349,"column":null}},"130":{"start":{"line":350,"column":4},"end":{"line":350,"column":null}},"131":{"start":{"line":351,"column":4},"end":{"line":351,"column":null}},"132":{"start":{"line":352,"column":4},"end":{"line":352,"column":null}},"133":{"start":{"line":353,"column":4},"end":{"line":353,"column":null}},"134":{"start":{"line":355,"column":4},"end":{"line":364,"column":null}},"135":{"start":{"line":356,"column":17},"end":{"line":356,"column":39}},"136":{"start":{"line":358,"column":8},"end":{"line":358,"column":null}},"137":{"start":{"line":358,"column":23},"end":{"line":358,"column":null}},"138":{"start":{"line":359,"column":8},"end":{"line":359,"column":null}},"139":{"start":{"line":362,"column":8},"end":{"line":362,"column":null}},"140":{"start":{"line":362,"column":23},"end":{"line":362,"column":null}},"141":{"start":{"line":363,"column":8},"end":{"line":363,"column":null}},"142":{"start":{"line":367,"column":4},"end":{"line":401,"column":null}},"143":{"start":{"line":368,"column":17},"end":{"line":368,"column":39}},"144":{"start":{"line":370,"column":8},"end":{"line":370,"column":null}},"145":{"start":{"line":370,"column":31},"end":{"line":370,"column":null}},"146":{"start":{"line":372,"column":8},"end":{"line":375,"column":null}},"147":{"start":{"line":373,"column":10},"end":{"line":373,"column":null}},"148":{"start":{"line":374,"column":10},"end":{"line":374,"column":null}},"149":{"start":{"line":378,"column":36},"end":{"line":378,"column":null}},"150":{"start":{"line":379,"column":8},"end":{"line":382,"column":null}},"151":{"start":{"line":380,"column":10},"end":{"line":380,"column":null}},"152":{"start":{"line":381,"column":10},"end":{"line":381,"column":null}},"153":{"start":{"line":383,"column":25},"end":{"line":383,"column":null}},"154":{"start":{"line":384,"column":27},"end":{"line":384,"column":null}},"155":{"start":{"line":385,"column":8},"end":{"line":399,"column":null}},"156":{"start":{"line":386,"column":25},"end":{"line":386,"column":null}},"157":{"start":{"line":387,"column":26},"end":{"line":387,"column":null}},"158":{"start":{"line":388,"column":10},"end":{"line":388,"column":null}},"159":{"start":{"line":388,"column":25},"end":{"line":388,"column":null}},"160":{"start":{"line":389,"column":24},"end":{"line":389,"column":null}},"161":{"start":{"line":390,"column":10},"end":{"line":390,"column":null}},"162":{"start":{"line":390,"column":25},"end":{"line":390,"column":null}},"163":{"start":{"line":391,"column":10},"end":{"line":396,"column":null}},"164":{"start":{"line":392,"column":12},"end":{"line":392,"column":null}},"165":{"start":{"line":395,"column":12},"end":{"line":395,"column":null}},"166":{"start":{"line":398,"column":10},"end":{"line":398,"column":null}},"167":{"start":{"line":403,"column":4},"end":{"line":405,"column":null}},"168":{"start":{"line":404,"column":6},"end":{"line":404,"column":null}},"169":{"start":{"line":408,"column":8},"end":{"line":412,"column":null}},"170":{"start":{"line":409,"column":4},"end":{"line":411,"column":null}},"171":{"start":{"line":414,"column":8},"end":{"line":447,"column":null}},"172":{"start":{"line":415,"column":26},"end":{"line":415,"column":null}},"173":{"start":{"line":416,"column":4},"end":{"line":416,"column":null}},"174":{"start":{"line":416,"column":50},"end":{"line":416,"column":null}},"175":{"start":{"line":419,"column":4},"end":{"line":427,"column":null}},"176":{"start":{"line":420,"column":26},"end":{"line":420,"column":null}},"177":{"start":{"line":421,"column":6},"end":{"line":425,"column":null}},"178":{"start":{"line":422,"column":8},"end":{"line":422,"column":null}},"179":{"start":{"line":423,"column":8},"end":{"line":423,"column":null}},"180":{"start":{"line":424,"column":8},"end":{"line":424,"column":null}},"181":{"start":{"line":426,"column":6},"end":{"line":426,"column":null}},"182":{"start":{"line":429,"column":4},"end":{"line":429,"column":null}},"183":{"start":{"line":430,"column":26},"end":{"line":430,"column":null}},"184":{"start":{"line":431,"column":4},"end":{"line":431,"column":null}},"185":{"start":{"line":433,"column":4},"end":{"line":446,"column":null}},"186":{"start":{"line":434,"column":17},"end":{"line":434,"column":39}},"187":{"start":{"line":436,"column":8},"end":{"line":436,"column":null}},"188":{"start":{"line":436,"column":52},"end":{"line":436,"column":null}},"189":{"start":{"line":437,"column":8},"end":{"line":440,"column":null}},"190":{"start":{"line":438,"column":10},"end":{"line":438,"column":null}},"191":{"start":{"line":439,"column":10},"end":{"line":439,"column":null}},"192":{"start":{"line":444,"column":8},"end":{"line":444,"column":null}},"193":{"start":{"line":444,"column":52},"end":{"line":444,"column":null}},"194":{"start":{"line":445,"column":8},"end":{"line":445,"column":null}},"195":{"start":{"line":450,"column":2},"end":{"line":453,"column":null}},"196":{"start":{"line":451,"column":4},"end":{"line":451,"column":null}},"197":{"start":{"line":451,"column":56},"end":{"line":451,"column":null}},"198":{"start":{"line":452,"column":4},"end":{"line":452,"column":null}},"199":{"start":{"line":456,"column":2},"end":{"line":469,"column":null}},"200":{"start":{"line":457,"column":4},"end":{"line":457,"column":null}},"201":{"start":{"line":457,"column":50},"end":{"line":457,"column":null}},"202":{"start":{"line":458,"column":20},"end":{"line":458,"column":null}},"203":{"start":{"line":459,"column":4},"end":{"line":465,"column":null}},"204":{"start":{"line":460,"column":17},"end":{"line":460,"column":39}},"205":{"start":{"line":462,"column":8},"end":{"line":462,"column":null}},"206":{"start":{"line":462,"column":23},"end":{"line":462,"column":null}},"207":{"start":{"line":463,"column":8},"end":{"line":463,"column":null}},"208":{"start":{"line":463,"column":26},"end":{"line":463,"column":null}},"209":{"start":{"line":466,"column":4},"end":{"line":468,"column":null}},"210":{"start":{"line":467,"column":6},"end":{"line":467,"column":null}},"211":{"start":{"line":471,"column":2},"end":{"line":471,"column":null}},"212":{"start":{"line":471,"column":29},"end":{"line":471,"column":null}},"213":{"start":{"line":473,"column":2},"end":{"line":487,"column":null}},"214":{"start":{"line":474,"column":4},"end":{"line":485,"column":null}},"215":{"start":{"line":489,"column":21},"end":{"line":489,"column":null}},"216":{"start":{"line":490,"column":19},"end":{"line":490,"column":null}},"217":{"start":{"line":491,"column":20},"end":{"line":491,"column":null}},"218":{"start":{"line":493,"column":2},"end":{"line":533,"column":null}}},"fnMap":{"0":{"name":"getQuietCsrfToken","decl":{"start":{"line":22,"column":15},"end":{"line":22,"column":59}},"loc":{"start":{"line":22,"column":59},"end":{"line":33,"column":null}},"line":22},"1":{"name":"quietGet","decl":{"start":{"line":35,"column":15},"end":{"line":35,"column":24}},"loc":{"start":{"line":35,"column":61},"end":{"line":37,"column":null}},"line":35},"2":{"name":"quietPost","decl":{"start":{"line":39,"column":15},"end":{"line":39,"column":25}},"loc":{"start":{"line":39,"column":76},"end":{"line":50,"column":null}},"line":39},"3":{"name":"quietPatch","decl":{"start":{"line":52,"column":15},"end":{"line":52,"column":26}},"loc":{"start":{"line":52,"column":77},"end":{"line":63,"column":null}},"line":52},"4":{"name":"computeContentHash","decl":{"start":{"line":84,"column":15},"end":{"line":84,"column":34}},"loc":{"start":{"line":84,"column":69},"end":{"line":90,"column":null}},"line":84},"5":{"name":"(anonymous_5)","decl":{"start":{"line":88,"column":9},"end":{"line":88,"column":14}},"loc":{"start":{"line":88,"column":14},"end":{"line":88,"column":45}},"line":88},"6":{"name":"PlanQualityBanner","decl":{"start":{"line":99,"column":16},"end":{"line":99,"column":34}},"loc":{"start":{"line":107,"column":3},"end":{"line":298,"column":null}},"line":107},"7":{"name":"(anonymous_7)","decl":{"start":{"line":117,"column":34},"end":{"line":117,"column":35}},"loc":{"start":{"line":117,"column":71},"end":{"line":120,"column":5}},"line":117},"8":{"name":"(anonymous_8)","decl":{"start":{"line":123,"column":12},"end":{"line":123,"column":18}},"loc":{"start":{"line":123,"column":18},"end":{"line":160,"column":5}},"line":123},"9":{"name":"(anonymous_9)","decl":{"start":{"line":135,"column":12},"end":{"line":135,"column":17}},"loc":{"start":{"line":135,"column":17},"end":{"line":135,"column":39}},"line":135},"10":{"name":"(anonymous_10)","decl":{"start":{"line":136,"column":12},"end":{"line":136,"column":20}},"loc":{"start":{"line":136,"column":20},"end":{"line":139,"column":7}},"line":136},"11":{"name":"(anonymous_11)","decl":{"start":{"line":140,"column":13},"end":{"line":140,"column":19}},"loc":{"start":{"line":140,"column":19},"end":{"line":143,"column":7}},"line":140},"12":{"name":"(anonymous_12)","decl":{"start":{"line":147,"column":12},"end":{"line":147,"column":17}},"loc":{"start":{"line":147,"column":17},"end":{"line":147,"column":39}},"line":147},"13":{"name":"(anonymous_13)","decl":{"start":{"line":148,"column":12},"end":{"line":148,"column":19}},"loc":{"start":{"line":148,"column":19},"end":{"line":154,"column":7}},"line":148},"14":{"name":"(anonymous_14)","decl":{"start":{"line":155,"column":13},"end":{"line":155,"column":19}},"loc":{"start":{"line":155,"column":19},"end":{"line":155,"column":21}},"line":155},"15":{"name":"(anonymous_15)","decl":{"start":{"line":157,"column":11},"end":{"line":157,"column":17}},"loc":{"start":{"line":157,"column":17},"end":{"line":159,"column":null}},"line":157},"16":{"name":"(anonymous_16)","decl":{"start":{"line":163,"column":38},"end":{"line":163,"column":39}},"loc":{"start":{"line":163,"column":68},"end":{"line":167,"column":5}},"line":163},"17":{"name":"(anonymous_17)","decl":{"start":{"line":166,"column":13},"end":{"line":166,"column":19}},"loc":{"start":{"line":166,"column":19},"end":{"line":166,"column":21}},"line":166},"18":{"name":"(anonymous_18)","decl":{"start":{"line":170,"column":34},"end":{"line":170,"column":41}},"loc":{"start":{"line":170,"column":78},"end":{"line":203,"column":5}},"line":170},"19":{"name":"(anonymous_19)","decl":{"start":{"line":190,"column":12},"end":{"line":190,"column":17}},"loc":{"start":{"line":190,"column":17},"end":{"line":190,"column":39}},"line":190},"20":{"name":"(anonymous_20)","decl":{"start":{"line":191,"column":12},"end":{"line":191,"column":20}},"loc":{"start":{"line":191,"column":20},"end":{"line":197,"column":7}},"line":191},"21":{"name":"(anonymous_21)","decl":{"start":{"line":198,"column":13},"end":{"line":198,"column":19}},"loc":{"start":{"line":198,"column":19},"end":{"line":198,"column":21}},"line":198},"22":{"name":"(anonymous_22)","decl":{"start":{"line":199,"column":15},"end":{"line":199,"column":21}},"loc":{"start":{"line":199,"column":21},"end":{"line":202,"column":7}},"line":199},"23":{"name":"(anonymous_23)","decl":{"start":{"line":206,"column":12},"end":{"line":206,"column":18}},"loc":{"start":{"line":206,"column":18},"end":{"line":209,"column":5}},"line":206},"24":{"name":"(anonymous_24)","decl":{"start":{"line":212,"column":12},"end":{"line":212,"column":18}},"loc":{"start":{"line":212,"column":18},"end":{"line":225,"column":5}},"line":212},"25":{"name":"(anonymous_25)","decl":{"start":{"line":216,"column":12},"end":{"line":216,"column":17}},"loc":{"start":{"line":216,"column":17},"end":{"line":216,"column":39}},"line":216},"26":{"name":"(anonymous_26)","decl":{"start":{"line":217,"column":12},"end":{"line":217,"column":19}},"loc":{"start":{"line":217,"column":19},"end":{"line":220,"column":7}},"line":217},"27":{"name":"(anonymous_27)","decl":{"start":{"line":221,"column":13},"end":{"line":221,"column":19}},"loc":{"start":{"line":221,"column":19},"end":{"line":221,"column":21}},"line":221},"28":{"name":"(anonymous_28)","decl":{"start":{"line":222,"column":11},"end":{"line":222,"column":17}},"loc":{"start":{"line":222,"column":17},"end":{"line":224,"column":null}},"line":222},"29":{"name":"RetroQualityBanner","decl":{"start":{"line":301,"column":16},"end":{"line":301,"column":35}},"loc":{"start":{"line":311,"column":3},"end":{"line":535,"column":null}},"line":311},"30":{"name":"(anonymous_30)","decl":{"start":{"line":330,"column":34},"end":{"line":330,"column":35}},"loc":{"start":{"line":330,"column":66},"end":{"line":333,"column":5}},"line":330},"31":{"name":"(anonymous_31)","decl":{"start":{"line":336,"column":12},"end":{"line":336,"column":18}},"loc":{"start":{"line":336,"column":18},"end":{"line":340,"column":5}},"line":336},"32":{"name":"(anonymous_32)","decl":{"start":{"line":343,"column":12},"end":{"line":343,"column":18}},"loc":{"start":{"line":343,"column":18},"end":{"line":406,"column":5}},"line":343},"33":{"name":"(anonymous_33)","decl":{"start":{"line":356,"column":12},"end":{"line":356,"column":17}},"loc":{"start":{"line":356,"column":17},"end":{"line":356,"column":39}},"line":356},"34":{"name":"(anonymous_34)","decl":{"start":{"line":357,"column":12},"end":{"line":357,"column":20}},"loc":{"start":{"line":357,"column":20},"end":{"line":360,"column":7}},"line":357},"35":{"name":"(anonymous_35)","decl":{"start":{"line":361,"column":13},"end":{"line":361,"column":19}},"loc":{"start":{"line":361,"column":19},"end":{"line":364,"column":7}},"line":361},"36":{"name":"(anonymous_36)","decl":{"start":{"line":368,"column":12},"end":{"line":368,"column":17}},"loc":{"start":{"line":368,"column":17},"end":{"line":368,"column":39}},"line":368},"37":{"name":"(anonymous_37)","decl":{"start":{"line":369,"column":12},"end":{"line":369,"column":19}},"loc":{"start":{"line":369,"column":27},"end":{"line":400,"column":7}},"line":369},"38":{"name":"(anonymous_38)","decl":{"start":{"line":401,"column":13},"end":{"line":401,"column":19}},"loc":{"start":{"line":401,"column":19},"end":{"line":401,"column":21}},"line":401},"39":{"name":"(anonymous_39)","decl":{"start":{"line":403,"column":11},"end":{"line":403,"column":17}},"loc":{"start":{"line":403,"column":17},"end":{"line":405,"column":null}},"line":403},"40":{"name":"(anonymous_40)","decl":{"start":{"line":408,"column":38},"end":{"line":408,"column":39}},"loc":{"start":{"line":408,"column":63},"end":{"line":412,"column":5}},"line":408},"41":{"name":"(anonymous_41)","decl":{"start":{"line":411,"column":13},"end":{"line":411,"column":19}},"loc":{"start":{"line":411,"column":19},"end":{"line":411,"column":21}},"line":411},"42":{"name":"(anonymous_42)","decl":{"start":{"line":414,"column":34},"end":{"line":414,"column":41}},"loc":{"start":{"line":414,"column":114},"end":{"line":447,"column":5}},"line":414},"43":{"name":"(anonymous_43)","decl":{"start":{"line":434,"column":12},"end":{"line":434,"column":17}},"loc":{"start":{"line":434,"column":17},"end":{"line":434,"column":39}},"line":434},"44":{"name":"(anonymous_44)","decl":{"start":{"line":435,"column":12},"end":{"line":435,"column":20}},"loc":{"start":{"line":435,"column":20},"end":{"line":441,"column":7}},"line":435},"45":{"name":"(anonymous_45)","decl":{"start":{"line":442,"column":13},"end":{"line":442,"column":19}},"loc":{"start":{"line":442,"column":19},"end":{"line":442,"column":21}},"line":442},"46":{"name":"(anonymous_46)","decl":{"start":{"line":443,"column":15},"end":{"line":443,"column":21}},"loc":{"start":{"line":443,"column":21},"end":{"line":446,"column":7}},"line":443},"47":{"name":"(anonymous_47)","decl":{"start":{"line":450,"column":12},"end":{"line":450,"column":18}},"loc":{"start":{"line":450,"column":18},"end":{"line":453,"column":5}},"line":450},"48":{"name":"(anonymous_48)","decl":{"start":{"line":456,"column":12},"end":{"line":456,"column":18}},"loc":{"start":{"line":456,"column":18},"end":{"line":469,"column":5}},"line":456},"49":{"name":"(anonymous_49)","decl":{"start":{"line":460,"column":12},"end":{"line":460,"column":17}},"loc":{"start":{"line":460,"column":17},"end":{"line":460,"column":39}},"line":460},"50":{"name":"(anonymous_50)","decl":{"start":{"line":461,"column":12},"end":{"line":461,"column":19}},"loc":{"start":{"line":461,"column":19},"end":{"line":464,"column":7}},"line":461},"51":{"name":"(anonymous_51)","decl":{"start":{"line":465,"column":13},"end":{"line":465,"column":19}},"loc":{"start":{"line":465,"column":19},"end":{"line":465,"column":21}},"line":465},"52":{"name":"(anonymous_52)","decl":{"start":{"line":466,"column":11},"end":{"line":466,"column":17}},"loc":{"start":{"line":466,"column":17},"end":{"line":468,"column":null}},"line":466}},"branchMap":{"0":{"loc":{"start":{"line":16,"column":16},"end":{"line":16,"column":null}},"type":"binary-expr","locations":[{"start":{"line":16,"column":16},"end":{"line":16,"column":48}},{"start":{"line":16,"column":48},"end":{"line":16,"column":null}}],"line":16},"1":{"loc":{"start":{"line":23,"column":2},"end":{"line":23,"column":null}},"type":"if","locations":[{"start":{"line":23,"column":2},"end":{"line":23,"column":null}},{"start":{},"end":{}}],"line":23},"2":{"loc":{"start":{"line":26,"column":4},"end":{"line":26,"column":null}},"type":"if","locations":[{"start":{"line":26,"column":4},"end":{"line":26,"column":null}},{"start":{},"end":{}}],"line":26},"3":{"loc":{"start":{"line":45,"column":10},"end":{"line":45,"column":null}},"type":"cond-expr","locations":[{"start":{"line":45,"column":18},"end":{"line":45,"column":46}},{"start":{"line":45,"column":46},"end":{"line":45,"column":null}}],"line":45},"4":{"loc":{"start":{"line":58,"column":10},"end":{"line":58,"column":null}},"type":"cond-expr","locations":[{"start":{"line":58,"column":18},"end":{"line":58,"column":46}},{"start":{"line":58,"column":46},"end":{"line":58,"column":null}}],"line":58},"5":{"loc":{"start":{"line":135,"column":17},"end":{"line":135,"column":39}},"type":"cond-expr","locations":[{"start":{"line":135,"column":24},"end":{"line":135,"column":35}},{"start":{"line":135,"column":35},"end":{"line":135,"column":39}}],"line":135},"6":{"loc":{"start":{"line":137,"column":8},"end":{"line":137,"column":null}},"type":"if","locations":[{"start":{"line":137,"column":8},"end":{"line":137,"column":null}},{"start":{},"end":{}}],"line":137},"7":{"loc":{"start":{"line":138,"column":23},"end":{"line":138,"column":47}},"type":"binary-expr","locations":[{"start":{"line":138,"column":23},"end":{"line":138,"column":42}},{"start":{"line":138,"column":42},"end":{"line":138,"column":47}}],"line":138},"8":{"loc":{"start":{"line":141,"column":8},"end":{"line":141,"column":null}},"type":"if","locations":[{"start":{"line":141,"column":8},"end":{"line":141,"column":null}},{"start":{},"end":{}}],"line":141},"9":{"loc":{"start":{"line":147,"column":17},"end":{"line":147,"column":39}},"type":"cond-expr","locations":[{"start":{"line":147,"column":24},"end":{"line":147,"column":35}},{"start":{"line":147,"column":35},"end":{"line":147,"column":39}}],"line":147},"10":{"loc":{"start":{"line":149,"column":8},"end":{"line":149,"column":null}},"type":"if","locations":[{"start":{"line":149,"column":8},"end":{"line":149,"column":null}},{"start":{},"end":{}}],"line":149},"11":{"loc":{"start":{"line":150,"column":8},"end":{"line":153,"column":null}},"type":"if","locations":[{"start":{"line":150,"column":8},"end":{"line":153,"column":null}},{"start":{},"end":{}}],"line":150},"12":{"loc":{"start":{"line":152,"column":37},"end":{"line":152,"column":null}},"type":"binary-expr","locations":[{"start":{"line":152,"column":37},"end":{"line":152,"column":80}},{"start":{"line":152,"column":80},"end":{"line":152,"column":null}}],"line":152},"13":{"loc":{"start":{"line":172,"column":4},"end":{"line":172,"column":null}},"type":"if","locations":[{"start":{"line":172,"column":4},"end":{"line":172,"column":null}},{"start":{},"end":{}}],"line":172},"14":{"loc":{"start":{"line":175,"column":4},"end":{"line":183,"column":null}},"type":"if","locations":[{"start":{"line":175,"column":4},"end":{"line":183,"column":null}},{"start":{},"end":{}}],"line":175},"15":{"loc":{"start":{"line":177,"column":6},"end":{"line":181,"column":null}},"type":"if","locations":[{"start":{"line":177,"column":6},"end":{"line":181,"column":null}},{"start":{},"end":{}}],"line":177},"16":{"loc":{"start":{"line":190,"column":17},"end":{"line":190,"column":39}},"type":"cond-expr","locations":[{"start":{"line":190,"column":24},"end":{"line":190,"column":35}},{"start":{"line":190,"column":35},"end":{"line":190,"column":39}}],"line":190},"17":{"loc":{"start":{"line":192,"column":8},"end":{"line":192,"column":null}},"type":"if","locations":[{"start":{"line":192,"column":8},"end":{"line":192,"column":null}},{"start":{},"end":{}}],"line":192},"18":{"loc":{"start":{"line":193,"column":8},"end":{"line":196,"column":null}},"type":"if","locations":[{"start":{"line":193,"column":8},"end":{"line":196,"column":null}},{"start":{},"end":{}}],"line":193},"19":{"loc":{"start":{"line":193,"column":12},"end":{"line":193,"column":33}},"type":"binary-expr","locations":[{"start":{"line":193,"column":12},"end":{"line":193,"column":20}},{"start":{"line":193,"column":20},"end":{"line":193,"column":33}}],"line":193},"20":{"loc":{"start":{"line":200,"column":8},"end":{"line":200,"column":null}},"type":"if","locations":[{"start":{"line":200,"column":8},"end":{"line":200,"column":null}},{"start":{},"end":{}}],"line":200},"21":{"loc":{"start":{"line":207,"column":4},"end":{"line":207,"column":null}},"type":"if","locations":[{"start":{"line":207,"column":4},"end":{"line":207,"column":null}},{"start":{},"end":{}}],"line":207},"22":{"loc":{"start":{"line":207,"column":8},"end":{"line":207,"column":40}},"type":"binary-expr","locations":[{"start":{"line":207,"column":8},"end":{"line":207,"column":24}},{"start":{"line":207,"column":24},"end":{"line":207,"column":40}}],"line":207},"23":{"loc":{"start":{"line":213,"column":4},"end":{"line":213,"column":null}},"type":"if","locations":[{"start":{"line":213,"column":4},"end":{"line":213,"column":null}},{"start":{},"end":{}}],"line":213},"24":{"loc":{"start":{"line":213,"column":8},"end":{"line":213,"column":34}},"type":"binary-expr","locations":[{"start":{"line":213,"column":8},"end":{"line":213,"column":24}},{"start":{"line":213,"column":24},"end":{"line":213,"column":34}}],"line":213},"25":{"loc":{"start":{"line":216,"column":17},"end":{"line":216,"column":39}},"type":"cond-expr","locations":[{"start":{"line":216,"column":24},"end":{"line":216,"column":35}},{"start":{"line":216,"column":35},"end":{"line":216,"column":39}}],"line":216},"26":{"loc":{"start":{"line":218,"column":8},"end":{"line":218,"column":null}},"type":"if","locations":[{"start":{"line":218,"column":8},"end":{"line":218,"column":null}},{"start":{},"end":{}}],"line":218},"27":{"loc":{"start":{"line":219,"column":8},"end":{"line":219,"column":null}},"type":"if","locations":[{"start":{"line":219,"column":8},"end":{"line":219,"column":null}},{"start":{},"end":{}}],"line":219},"28":{"loc":{"start":{"line":227,"column":2},"end":{"line":227,"column":null}},"type":"if","locations":[{"start":{"line":227,"column":2},"end":{"line":227,"column":null}},{"start":{},"end":{}}],"line":227},"29":{"loc":{"start":{"line":230,"column":2},"end":{"line":244,"column":null}},"type":"if","locations":[{"start":{"line":230,"column":2},"end":{"line":244,"column":null}},{"start":{},"end":{}}],"line":230},"30":{"loc":{"start":{"line":230,"column":6},"end":{"line":230,"column":29}},"type":"binary-expr","locations":[{"start":{"line":230,"column":6},"end":{"line":230,"column":19}},{"start":{"line":230,"column":19},"end":{"line":230,"column":29}}],"line":230},"31":{"loc":{"start":{"line":246,"column":21},"end":{"line":246,"column":null}},"type":"cond-expr","locations":[{"start":{"line":246,"column":32},"end":{"line":246,"column":75}},{"start":{"line":246,"column":75},"end":{"line":246,"column":null}}],"line":246},"32":{"loc":{"start":{"line":247,"column":19},"end":{"line":247,"column":null}},"type":"cond-expr","locations":[{"start":{"line":247,"column":38},"end":{"line":247,"column":55}},{"start":{"line":247,"column":55},"end":{"line":247,"column":null}}],"line":247},"33":{"loc":{"start":{"line":247,"column":55},"end":{"line":247,"column":null}},"type":"cond-expr","locations":[{"start":{"line":247,"column":74},"end":{"line":247,"column":92}},{"start":{"line":247,"column":92},"end":{"line":247,"column":null}}],"line":247},"34":{"loc":{"start":{"line":248,"column":20},"end":{"line":248,"column":null}},"type":"cond-expr","locations":[{"start":{"line":248,"column":39},"end":{"line":248,"column":58}},{"start":{"line":248,"column":58},"end":{"line":248,"column":null}}],"line":248},"35":{"loc":{"start":{"line":248,"column":58},"end":{"line":248,"column":null}},"type":"cond-expr","locations":[{"start":{"line":248,"column":77},"end":{"line":248,"column":97}},{"start":{"line":248,"column":97},"end":{"line":248,"column":null}}],"line":248},"36":{"loc":{"start":{"line":256,"column":10},"end":{"line":262,"column":null}},"type":"cond-expr","locations":[{"start":{"line":257,"column":14},"end":{"line":261,"column":null}},{"start":{"line":262,"column":14},"end":{"line":262,"column":null}}],"line":256},"37":{"loc":{"start":{"line":257,"column":14},"end":{"line":261,"column":null}},"type":"cond-expr","locations":[{"start":{"line":258,"column":16},"end":{"line":258,"column":null}},{"start":{"line":259,"column":16},"end":{"line":261,"column":null}}],"line":257},"38":{"loc":{"start":{"line":259,"column":16},"end":{"line":261,"column":null}},"type":"cond-expr","locations":[{"start":{"line":260,"column":18},"end":{"line":260,"column":null}},{"start":{"line":261,"column":18},"end":{"line":261,"column":null}}],"line":259},"39":{"loc":{"start":{"line":266,"column":11},"end":{"line":293,"column":null}},"type":"cond-expr","locations":[{"start":{"line":267,"column":12},"end":{"line":273,"column":null}},{"start":{"line":274,"column":14},"end":{"line":293,"column":null}}],"line":266},"40":{"loc":{"start":{"line":274,"column":14},"end":{"line":293,"column":null}},"type":"cond-expr","locations":[{"start":{"line":275,"column":12},"end":{"line":292,"column":null}},{"start":{"line":293,"column":14},"end":{"line":293,"column":null}}],"line":274},"41":{"loc":{"start":{"line":337,"column":4},"end":{"line":339,"column":null}},"type":"if","locations":[{"start":{"line":337,"column":4},"end":{"line":339,"column":null}},{"start":{},"end":{}}],"line":337},"42":{"loc":{"start":{"line":356,"column":17},"end":{"line":356,"column":39}},"type":"cond-expr","locations":[{"start":{"line":356,"column":24},"end":{"line":356,"column":35}},{"start":{"line":356,"column":35},"end":{"line":356,"column":39}}],"line":356},"43":{"loc":{"start":{"line":358,"column":8},"end":{"line":358,"column":null}},"type":"if","locations":[{"start":{"line":358,"column":8},"end":{"line":358,"column":null}},{"start":{},"end":{}}],"line":358},"44":{"loc":{"start":{"line":359,"column":23},"end":{"line":359,"column":47}},"type":"binary-expr","locations":[{"start":{"line":359,"column":23},"end":{"line":359,"column":42}},{"start":{"line":359,"column":42},"end":{"line":359,"column":47}}],"line":359},"45":{"loc":{"start":{"line":362,"column":8},"end":{"line":362,"column":null}},"type":"if","locations":[{"start":{"line":362,"column":8},"end":{"line":362,"column":null}},{"start":{},"end":{}}],"line":362},"46":{"loc":{"start":{"line":368,"column":17},"end":{"line":368,"column":39}},"type":"cond-expr","locations":[{"start":{"line":368,"column":24},"end":{"line":368,"column":35}},{"start":{"line":368,"column":35},"end":{"line":368,"column":39}}],"line":368},"47":{"loc":{"start":{"line":370,"column":8},"end":{"line":370,"column":null}},"type":"if","locations":[{"start":{"line":370,"column":8},"end":{"line":370,"column":null}},{"start":{},"end":{}}],"line":370},"48":{"loc":{"start":{"line":370,"column":12},"end":{"line":370,"column":31}},"type":"binary-expr","locations":[{"start":{"line":370,"column":12},"end":{"line":370,"column":25}},{"start":{"line":370,"column":25},"end":{"line":370,"column":31}}],"line":370},"49":{"loc":{"start":{"line":372,"column":8},"end":{"line":375,"column":null}},"type":"if","locations":[{"start":{"line":372,"column":8},"end":{"line":375,"column":null}},{"start":{},"end":{}}],"line":372},"50":{"loc":{"start":{"line":374,"column":37},"end":{"line":374,"column":null}},"type":"binary-expr","locations":[{"start":{"line":374,"column":37},"end":{"line":374,"column":80}},{"start":{"line":374,"column":80},"end":{"line":374,"column":null}}],"line":374},"51":{"loc":{"start":{"line":379,"column":8},"end":{"line":382,"column":null}},"type":"if","locations":[{"start":{"line":379,"column":8},"end":{"line":382,"column":null}},{"start":{},"end":{}}],"line":379},"52":{"loc":{"start":{"line":385,"column":8},"end":{"line":399,"column":null}},"type":"if","locations":[{"start":{"line":385,"column":8},"end":{"line":399,"column":null}},{"start":{"line":397,"column":15},"end":{"line":399,"column":null}}],"line":385},"53":{"loc":{"start":{"line":385,"column":12},"end":{"line":385,"column":36}},"type":"binary-expr","locations":[{"start":{"line":385,"column":12},"end":{"line":385,"column":24}},{"start":{"line":385,"column":24},"end":{"line":385,"column":36}}],"line":385},"54":{"loc":{"start":{"line":388,"column":10},"end":{"line":388,"column":null}},"type":"if","locations":[{"start":{"line":388,"column":10},"end":{"line":388,"column":null}},{"start":{},"end":{}}],"line":388},"55":{"loc":{"start":{"line":389,"column":24},"end":{"line":389,"column":null}},"type":"cond-expr","locations":[{"start":{"line":389,"column":37},"end":{"line":389,"column":60}},{"start":{"line":389,"column":60},"end":{"line":389,"column":null}}],"line":389},"56":{"loc":{"start":{"line":390,"column":10},"end":{"line":390,"column":null}},"type":"if","locations":[{"start":{"line":390,"column":10},"end":{"line":390,"column":null}},{"start":{},"end":{}}],"line":390},"57":{"loc":{"start":{"line":391,"column":10},"end":{"line":396,"column":null}},"type":"if","locations":[{"start":{"line":391,"column":10},"end":{"line":396,"column":null}},{"start":{"line":393,"column":17},"end":{"line":396,"column":null}}],"line":391},"58":{"loc":{"start":{"line":391,"column":14},"end":{"line":391,"column":61}},"type":"binary-expr","locations":[{"start":{"line":391,"column":14},"end":{"line":391,"column":23}},{"start":{"line":391,"column":23},"end":{"line":391,"column":43}},{"start":{"line":391,"column":43},"end":{"line":391,"column":61}}],"line":391},"59":{"loc":{"start":{"line":416,"column":4},"end":{"line":416,"column":null}},"type":"if","locations":[{"start":{"line":416,"column":4},"end":{"line":416,"column":null}},{"start":{},"end":{}}],"line":416},"60":{"loc":{"start":{"line":419,"column":4},"end":{"line":427,"column":null}},"type":"if","locations":[{"start":{"line":419,"column":4},"end":{"line":427,"column":null}},{"start":{},"end":{}}],"line":419},"61":{"loc":{"start":{"line":421,"column":6},"end":{"line":425,"column":null}},"type":"if","locations":[{"start":{"line":421,"column":6},"end":{"line":425,"column":null}},{"start":{},"end":{}}],"line":421},"62":{"loc":{"start":{"line":434,"column":17},"end":{"line":434,"column":39}},"type":"cond-expr","locations":[{"start":{"line":434,"column":24},"end":{"line":434,"column":35}},{"start":{"line":434,"column":35},"end":{"line":434,"column":39}}],"line":434},"63":{"loc":{"start":{"line":436,"column":8},"end":{"line":436,"column":null}},"type":"if","locations":[{"start":{"line":436,"column":8},"end":{"line":436,"column":null}},{"start":{},"end":{}}],"line":436},"64":{"loc":{"start":{"line":437,"column":8},"end":{"line":440,"column":null}},"type":"if","locations":[{"start":{"line":437,"column":8},"end":{"line":440,"column":null}},{"start":{},"end":{}}],"line":437},"65":{"loc":{"start":{"line":437,"column":12},"end":{"line":437,"column":33}},"type":"binary-expr","locations":[{"start":{"line":437,"column":12},"end":{"line":437,"column":20}},{"start":{"line":437,"column":20},"end":{"line":437,"column":33}}],"line":437},"66":{"loc":{"start":{"line":444,"column":8},"end":{"line":444,"column":null}},"type":"if","locations":[{"start":{"line":444,"column":8},"end":{"line":444,"column":null}},{"start":{},"end":{}}],"line":444},"67":{"loc":{"start":{"line":451,"column":4},"end":{"line":451,"column":null}},"type":"if","locations":[{"start":{"line":451,"column":4},"end":{"line":451,"column":null}},{"start":{},"end":{}}],"line":451},"68":{"loc":{"start":{"line":451,"column":8},"end":{"line":451,"column":56}},"type":"binary-expr","locations":[{"start":{"line":451,"column":8},"end":{"line":451,"column":24}},{"start":{"line":451,"column":24},"end":{"line":451,"column":42}},{"start":{"line":451,"column":42},"end":{"line":451,"column":56}}],"line":451},"69":{"loc":{"start":{"line":457,"column":4},"end":{"line":457,"column":null}},"type":"if","locations":[{"start":{"line":457,"column":4},"end":{"line":457,"column":null}},{"start":{},"end":{}}],"line":457},"70":{"loc":{"start":{"line":457,"column":8},"end":{"line":457,"column":50}},"type":"binary-expr","locations":[{"start":{"line":457,"column":8},"end":{"line":457,"column":24}},{"start":{"line":457,"column":24},"end":{"line":457,"column":36}},{"start":{"line":457,"column":36},"end":{"line":457,"column":50}}],"line":457},"71":{"loc":{"start":{"line":460,"column":17},"end":{"line":460,"column":39}},"type":"cond-expr","locations":[{"start":{"line":460,"column":24},"end":{"line":460,"column":35}},{"start":{"line":460,"column":35},"end":{"line":460,"column":39}}],"line":460},"72":{"loc":{"start":{"line":462,"column":8},"end":{"line":462,"column":null}},"type":"if","locations":[{"start":{"line":462,"column":8},"end":{"line":462,"column":null}},{"start":{},"end":{}}],"line":462},"73":{"loc":{"start":{"line":463,"column":8},"end":{"line":463,"column":null}},"type":"if","locations":[{"start":{"line":463,"column":8},"end":{"line":463,"column":null}},{"start":{},"end":{}}],"line":463},"74":{"loc":{"start":{"line":471,"column":2},"end":{"line":471,"column":null}},"type":"if","locations":[{"start":{"line":471,"column":2},"end":{"line":471,"column":null}},{"start":{},"end":{}}],"line":471},"75":{"loc":{"start":{"line":473,"column":2},"end":{"line":487,"column":null}},"type":"if","locations":[{"start":{"line":473,"column":2},"end":{"line":487,"column":null}},{"start":{},"end":{}}],"line":473},"76":{"loc":{"start":{"line":473,"column":6},"end":{"line":473,"column":29}},"type":"binary-expr","locations":[{"start":{"line":473,"column":6},"end":{"line":473,"column":19}},{"start":{"line":473,"column":19},"end":{"line":473,"column":29}}],"line":473},"77":{"loc":{"start":{"line":489,"column":21},"end":{"line":489,"column":null}},"type":"cond-expr","locations":[{"start":{"line":489,"column":32},"end":{"line":489,"column":75}},{"start":{"line":489,"column":75},"end":{"line":489,"column":null}}],"line":489},"78":{"loc":{"start":{"line":490,"column":19},"end":{"line":490,"column":null}},"type":"cond-expr","locations":[{"start":{"line":490,"column":38},"end":{"line":490,"column":55}},{"start":{"line":490,"column":55},"end":{"line":490,"column":null}}],"line":490},"79":{"loc":{"start":{"line":490,"column":55},"end":{"line":490,"column":null}},"type":"cond-expr","locations":[{"start":{"line":490,"column":74},"end":{"line":490,"column":92}},{"start":{"line":490,"column":92},"end":{"line":490,"column":null}}],"line":490},"80":{"loc":{"start":{"line":491,"column":20},"end":{"line":491,"column":null}},"type":"cond-expr","locations":[{"start":{"line":491,"column":39},"end":{"line":491,"column":58}},{"start":{"line":491,"column":58},"end":{"line":491,"column":null}}],"line":491},"81":{"loc":{"start":{"line":491,"column":58},"end":{"line":491,"column":null}},"type":"cond-expr","locations":[{"start":{"line":491,"column":77},"end":{"line":491,"column":97}},{"start":{"line":491,"column":97},"end":{"line":491,"column":null}}],"line":491},"82":{"loc":{"start":{"line":499,"column":10},"end":{"line":505,"column":null}},"type":"cond-expr","locations":[{"start":{"line":500,"column":14},"end":{"line":504,"column":null}},{"start":{"line":505,"column":14},"end":{"line":505,"column":null}}],"line":499},"83":{"loc":{"start":{"line":500,"column":14},"end":{"line":504,"column":null}},"type":"cond-expr","locations":[{"start":{"line":501,"column":16},"end":{"line":501,"column":null}},{"start":{"line":502,"column":16},"end":{"line":504,"column":null}}],"line":500},"84":{"loc":{"start":{"line":502,"column":16},"end":{"line":504,"column":null}},"type":"cond-expr","locations":[{"start":{"line":503,"column":18},"end":{"line":503,"column":null}},{"start":{"line":504,"column":18},"end":{"line":504,"column":null}}],"line":502},"85":{"loc":{"start":{"line":509,"column":11},"end":{"line":530,"column":null}},"type":"cond-expr","locations":[{"start":{"line":510,"column":12},"end":{"line":516,"column":null}},{"start":{"line":517,"column":14},"end":{"line":530,"column":null}}],"line":509},"86":{"loc":{"start":{"line":517,"column":14},"end":{"line":530,"column":null}},"type":"cond-expr","locations":[{"start":{"line":518,"column":12},"end":{"line":529,"column":null}},{"start":{"line":530,"column":14},"end":{"line":530,"column":null}}],"line":517}},"s":{"0":1,"1":1,"2":0,"3":0,"4":0,"5":0,"6":0,"7":0,"8":0,"9":0,"10":0,"11":0,"12":4,"13":0,"14":0,"15":0,"16":0,"17":0,"18":0,"19":0,"20":0,"21":1,"22":0,"23":0,"24":0,"25":0,"26":0,"27":0,"28":0,"29":0,"30":0,"31":0,"32":0,"33":0,"34":0,"35":0,"36":0,"37":0,"38":0,"39":0,"40":0,"41":0,"42":0,"43":0,"44":0,"45":0,"46":0,"47":0,"48":0,"49":0,"50":0,"51":0,"52":0,"53":0,"54":0,"55":0,"56":0,"57":0,"58":0,"59":0,"60":0,"61":0,"62":0,"63":0,"64":0,"65":0,"66":0,"67":0,"68":0,"69":0,"70":0,"71":0,"72":0,"73":0,"74":0,"75":0,"76":0,"77":0,"78":0,"79":0,"80":0,"81":0,"82":0,"83":0,"84":0,"85":0,"86":0,"87":0,"88":0,"89":0,"90":0,"91":0,"92":0,"93":0,"94":0,"95":0,"96":0,"97":0,"98":0,"99":0,"100":0,"101":0,"102":0,"103":0,"104":0,"105":0,"106":0,"107":0,"108":5,"109":5,"110":5,"111":5,"112":5,"113":5,"114":5,"115":5,"116":5,"117":5,"118":5,"119":5,"120":4,"121":4,"122":5,"123":1,"124":0,"125":5,"126":2,"127":2,"128":2,"129":2,"130":2,"131":2,"132":2,"133":2,"134":2,"135":2,"136":2,"137":0,"138":2,"139":0,"140":0,"141":0,"142":2,"143":2,"144":2,"145":0,"146":2,"147":2,"148":2,"149":2,"150":2,"151":0,"152":0,"153":2,"154":2,"155":2,"156":0,"157":0,"158":0,"159":0,"160":0,"161":0,"162":0,"163":0,"164":0,"165":0,"166":2,"167":2,"168":2,"169":5,"170":0,"171":5,"172":0,"173":0,"174":0,"175":0,"176":0,"177":0,"178":0,"179":0,"180":0,"181":0,"182":0,"183":0,"184":0,"185":0,"186":0,"187":0,"188":0,"189":0,"190":0,"191":0,"192":0,"193":0,"194":0,"195":5,"196":5,"197":5,"198":0,"199":5,"200":5,"201":5,"202":0,"203":0,"204":0,"205":0,"206":0,"207":0,"208":0,"209":0,"210":0,"211":5,"212":0,"213":5,"214":2,"215":3,"216":5,"217":5,"218":5},"f":{"0":0,"1":4,"2":0,"3":0,"4":0,"5":0,"6":0,"7":0,"8":0,"9":0,"10":0,"11":0,"12":0,"13":0,"14":0,"15":0,"16":0,"17":0,"18":0,"19":0,"20":0,"21":0,"22":0,"23":0,"24":0,"25":0,"26":0,"27":0,"28":0,"29":5,"30":4,"31":1,"32":2,"33":2,"34":2,"35":0,"36":2,"37":2,"38":0,"39":2,"40":0,"41":0,"42":0,"43":0,"44":0,"45":0,"46":0,"47":5,"48":5,"49":0,"50":0,"51":0,"52":0},"b":{"0":[1,1],"1":[0,0],"2":[0,0],"3":[0,0],"4":[0,0],"5":[0,0],"6":[0,0],"7":[0,0],"8":[0,0],"9":[0,0],"10":[0,0],"11":[0,0],"12":[0,0],"13":[0,0],"14":[0,0],"15":[0,0],"16":[0,0],"17":[0,0],"18":[0,0],"19":[0,0],"20":[0,0],"21":[0,0],"22":[0,0],"23":[0,0],"24":[0,0],"25":[0,0],"26":[0,0],"27":[0,0],"28":[0,0],"29":[0,0],"30":[0,0],"31":[0,0],"32":[0,0],"33":[0,0],"34":[0,0],"35":[0,0],"36":[0,0],"37":[0,0],"38":[0,0],"39":[0,0],"40":[0,0],"41":[0,1],"42":[2,0],"43":[0,2],"44":[2,0],"45":[0,0],"46":[2,0],"47":[0,2],"48":[2,2],"49":[2,0],"50":[2,0],"51":[0,2],"52":[0,2],"53":[2,0],"54":[0,0],"55":[0,0],"56":[0,0],"57":[0,0],"58":[0,0,0],"59":[0,0],"60":[0,0],"61":[0,0],"62":[0,0],"63":[0,0],"64":[0,0],"65":[0,0],"66":[0,0],"67":[5,0],"68":[5,3,0],"69":[5,0],"70":[5,3,0],"71":[0,0],"72":[0,0],"73":[0,0],"74":[0,5],"75":[2,3],"76":[5,2],"77":[3,0],"78":[1,2],"79":[0,2],"80":[1,2],"81":[0,2],"82":[3,0],"83":[1,2],"84":[0,2],"85":[0,3],"86":[3,0]},"meta":{"lastBranch":87,"lastFunction":53,"lastStatement":219,"seen":{"s:16:16:16:Infinity":0,"b:16:16:16:48:16:48:16:Infinity":0,"s:20:36:20:Infinity":1,"f:22:15:22:59":0,"b:23:2:23:Infinity:undefined:undefined:undefined:undefined":1,"s:23:2:23:Infinity":2,"s:23:22:23:Infinity":3,"s:24:2:32:Infinity":4,"s:25:16:25:Infinity":5,"b:26:4:26:Infinity:undefined:undefined:undefined:undefined":2,"s:26:4:26:Infinity":6,"s:26:17:26:Infinity":7,"s:27:17:27:Infinity":8,"s:28:4:28:Infinity":9,"s:29:4:29:Infinity":10,"s:31:4:31:Infinity":11,"f:35:15:35:24":1,"s:36:2:36:Infinity":12,"f:39:15:39:25":2,"s:40:16:40:Infinity":13,"s:41:2:49:Infinity":14,"b:45:18:45:46:45:46:45:Infinity":3,"f:52:15:52:26":3,"s:53:16:53:Infinity":15,"s:54:2:62:Infinity":16,"b:58:18:58:46:58:46:58:Infinity":4,"f:84:15:84:34":4,"s:85:15:85:Infinity":17,"s:86:21:86:Infinity":18,"s:87:2:89:Infinity":19,"f:88:9:88:14":5,"s:88:14:88:45":20,"s:92:24:97:Infinity":21,"f:99:16:99:34":6,"s:108:33:108:Infinity":22,"s:109:28:109:Infinity":23,"s:110:36:110:Infinity":24,"s:111:8:111:Infinity":25,"s:112:8:112:Infinity":26,"s:113:8:113:Infinity":27,"s:114:8:114:Infinity":28,"s:115:2:115:Infinity":29,"s:117:8:120:Infinity":30,"f:117:34:117:35":7,"s:118:4:118:Infinity":31,"s:119:4:119:Infinity":32,"s:123:2:160:Infinity":33,"f:123:12:123:18":8,"s:124:20:124:Infinity":34,"s:127:4:127:Infinity":35,"s:128:4:128:Infinity":36,"s:129:4:129:Infinity":37,"s:130:4:130:Infinity":38,"s:131:4:131:Infinity":39,"s:132:4:132:Infinity":40,"s:134:4:143:Infinity":41,"f:135:12:135:17":9,"s:135:17:135:39":42,"b:135:24:135:35:135:35:135:39":5,"f:136:12:136:20":10,"b:137:8:137:Infinity:undefined:undefined:undefined:undefined":6,"s:137:8:137:Infinity":43,"s:137:23:137:Infinity":44,"s:138:8:138:Infinity":45,"b:138:23:138:42:138:42:138:47":7,"f:140:13:140:19":11,"b:141:8:141:Infinity:undefined:undefined:undefined:undefined":8,"s:141:8:141:Infinity":46,"s:141:23:141:Infinity":47,"s:142:8:142:Infinity":48,"s:146:4:155:Infinity":49,"f:147:12:147:17":12,"s:147:17:147:39":50,"b:147:24:147:35:147:35:147:39":9,"f:148:12:148:19":13,"b:149:8:149:Infinity:undefined:undefined:undefined:undefined":10,"s:149:8:149:Infinity":51,"s:149:23:149:Infinity":52,"b:150:8:153:Infinity:undefined:undefined:undefined:undefined":11,"s:150:8:153:Infinity":53,"s:151:10:151:Infinity":54,"s:152:10:152:Infinity":55,"b:152:37:152:80:152:80:152:Infinity":12,"f:155:13:155:19":14,"s:157:4:159:Infinity":56,"f:157:11:157:17":15,"s:158:6:158:Infinity":57,"s:163:8:167:Infinity":58,"f:163:38:163:39":16,"s:164:4:166:Infinity":59,"f:166:13:166:19":17,"s:170:8:203:Infinity":60,"f:170:34:170:41":18,"s:171:23:171:Infinity":61,"b:172:4:172:Infinity:undefined:undefined:undefined:undefined":13,"s:172:4:172:Infinity":62,"s:172:47:172:Infinity":63,"b:175:4:183:Infinity:undefined:undefined:undefined:undefined":14,"s:175:4:183:Infinity":64,"s:176:26:176:Infinity":65,"b:177:6:181:Infinity:undefined:undefined:undefined:undefined":15,"s:177:6:181:Infinity":66,"s:178:8:178:Infinity":67,"s:179:8:179:Infinity":68,"s:180:8:180:Infinity":69,"s:182:6:182:Infinity":70,"s:185:4:185:Infinity":71,"s:186:26:186:Infinity":72,"s:187:4:187:Infinity":73,"s:189:4:202:Infinity":74,"f:190:12:190:17":19,"s:190:17:190:39":75,"b:190:24:190:35:190:35:190:39":16,"f:191:12:191:20":20,"b:192:8:192:Infinity:undefined:undefined:undefined:undefined":17,"s:192:8:192:Infinity":76,"s:192:52:192:Infinity":77,"b:193:8:196:Infinity:undefined:undefined:undefined:undefined":18,"s:193:8:196:Infinity":78,"b:193:12:193:20:193:20:193:33":19,"s:194:10:194:Infinity":79,"s:195:10:195:Infinity":80,"f:198:13:198:19":21,"f:199:15:199:21":22,"b:200:8:200:Infinity:undefined:undefined:undefined:undefined":20,"s:200:8:200:Infinity":81,"s:200:52:200:Infinity":82,"s:201:8:201:Infinity":83,"s:206:2:209:Infinity":84,"f:206:12:206:18":23,"b:207:4:207:Infinity:undefined:undefined:undefined:undefined":21,"s:207:4:207:Infinity":85,"b:207:8:207:24:207:24:207:40":22,"s:207:40:207:Infinity":86,"s:208:4:208:Infinity":87,"s:212:2:225:Infinity":88,"f:212:12:212:18":24,"b:213:4:213:Infinity:undefined:undefined:undefined:undefined":23,"s:213:4:213:Infinity":89,"b:213:8:213:24:213:24:213:34":24,"s:213:34:213:Infinity":90,"s:214:20:214:Infinity":91,"s:215:4:221:Infinity":92,"f:216:12:216:17":25,"s:216:17:216:39":93,"b:216:24:216:35:216:35:216:39":25,"f:217:12:217:19":26,"b:218:8:218:Infinity:undefined:undefined:undefined:undefined":26,"s:218:8:218:Infinity":94,"s:218:23:218:Infinity":95,"b:219:8:219:Infinity:undefined:undefined:undefined:undefined":27,"s:219:8:219:Infinity":96,"s:219:26:219:Infinity":97,"f:221:13:221:19":27,"s:222:4:224:Infinity":98,"f:222:11:222:17":28,"s:223:6:223:Infinity":99,"b:227:2:227:Infinity:undefined:undefined:undefined:undefined":28,"s:227:2:227:Infinity":100,"s:227:29:227:Infinity":101,"b:230:2:244:Infinity:undefined:undefined:undefined:undefined":29,"s:230:2:244:Infinity":102,"b:230:6:230:19:230:19:230:29":30,"s:231:4:242:Infinity":103,"s:246:21:246:Infinity":104,"b:246:32:246:75:246:75:246:Infinity":31,"s:247:19:247:Infinity":105,"b:247:38:247:55:247:55:247:Infinity":32,"b:247:74:247:92:247:92:247:Infinity":33,"s:248:20:248:Infinity":106,"b:248:39:248:58:248:58:248:Infinity":34,"b:248:77:248:97:248:97:248:Infinity":35,"s:250:2:296:Infinity":107,"b:257:14:261:Infinity:262:14:262:Infinity":36,"b:258:16:258:Infinity:259:16:261:Infinity":37,"b:260:18:260:Infinity:261:18:261:Infinity":38,"b:267:12:273:Infinity:274:14:293:Infinity":39,"b:275:12:292:Infinity:293:14:293:Infinity":40,"f:301:16:301:35":29,"s:318:36:318:Infinity":108,"s:319:33:319:Infinity":109,"s:320:28:320:Infinity":110,"s:321:36:321:Infinity":111,"s:322:8:322:Infinity":112,"s:323:8:323:Infinity":113,"s:324:8:324:Infinity":114,"s:325:8:325:Infinity":115,"s:326:8:326:Infinity":116,"s:327:2:327:Infinity":117,"s:328:2:328:Infinity":118,"s:330:8:333:Infinity":119,"f:330:34:330:35":30,"s:331:4:331:Infinity":120,"s:332:4:332:Infinity":121,"s:336:2:340:Infinity":122,"f:336:12:336:18":31,"b:337:4:339:Infinity:undefined:undefined:undefined:undefined":41,"s:337:4:339:Infinity":123,"s:338:6:338:Infinity":124,"s:343:2:406:Infinity":125,"f:343:12:343:18":32,"s:344:20:344:Infinity":126,"s:347:4:347:Infinity":127,"s:348:4:348:Infinity":128,"s:349:4:349:Infinity":129,"s:350:4:350:Infinity":130,"s:351:4:351:Infinity":131,"s:352:4:352:Infinity":132,"s:353:4:353:Infinity":133,"s:355:4:364:Infinity":134,"f:356:12:356:17":33,"s:356:17:356:39":135,"b:356:24:356:35:356:35:356:39":42,"f:357:12:357:20":34,"b:358:8:358:Infinity:undefined:undefined:undefined:undefined":43,"s:358:8:358:Infinity":136,"s:358:23:358:Infinity":137,"s:359:8:359:Infinity":138,"b:359:23:359:42:359:42:359:47":44,"f:361:13:361:19":35,"b:362:8:362:Infinity:undefined:undefined:undefined:undefined":45,"s:362:8:362:Infinity":139,"s:362:23:362:Infinity":140,"s:363:8:363:Infinity":141,"s:367:4:401:Infinity":142,"f:368:12:368:17":36,"s:368:17:368:39":143,"b:368:24:368:35:368:35:368:39":46,"f:369:12:369:19":37,"b:370:8:370:Infinity:undefined:undefined:undefined:undefined":47,"s:370:8:370:Infinity":144,"b:370:12:370:25:370:25:370:31":48,"s:370:31:370:Infinity":145,"b:372:8:375:Infinity:undefined:undefined:undefined:undefined":49,"s:372:8:375:Infinity":146,"s:373:10:373:Infinity":147,"s:374:10:374:Infinity":148,"b:374:37:374:80:374:80:374:Infinity":50,"s:378:36:378:Infinity":149,"b:379:8:382:Infinity:undefined:undefined:undefined:undefined":51,"s:379:8:382:Infinity":150,"s:380:10:380:Infinity":151,"s:381:10:381:Infinity":152,"s:383:25:383:Infinity":153,"s:384:27:384:Infinity":154,"b:385:8:399:Infinity:397:15:399:Infinity":52,"s:385:8:399:Infinity":155,"b:385:12:385:24:385:24:385:36":53,"s:386:25:386:Infinity":156,"s:387:26:387:Infinity":157,"b:388:10:388:Infinity:undefined:undefined:undefined:undefined":54,"s:388:10:388:Infinity":158,"s:388:25:388:Infinity":159,"s:389:24:389:Infinity":160,"b:389:37:389:60:389:60:389:Infinity":55,"b:390:10:390:Infinity:undefined:undefined:undefined:undefined":56,"s:390:10:390:Infinity":161,"s:390:25:390:Infinity":162,"b:391:10:396:Infinity:393:17:396:Infinity":57,"s:391:10:396:Infinity":163,"b:391:14:391:23:391:23:391:43:391:43:391:61":58,"s:392:12:392:Infinity":164,"s:395:12:395:Infinity":165,"s:398:10:398:Infinity":166,"f:401:13:401:19":38,"s:403:4:405:Infinity":167,"f:403:11:403:17":39,"s:404:6:404:Infinity":168,"s:408:8:412:Infinity":169,"f:408:38:408:39":40,"s:409:4:411:Infinity":170,"f:411:13:411:19":41,"s:414:8:447:Infinity":171,"f:414:34:414:41":42,"s:415:26:415:Infinity":172,"b:416:4:416:Infinity:undefined:undefined:undefined:undefined":59,"s:416:4:416:Infinity":173,"s:416:50:416:Infinity":174,"b:419:4:427:Infinity:undefined:undefined:undefined:undefined":60,"s:419:4:427:Infinity":175,"s:420:26:420:Infinity":176,"b:421:6:425:Infinity:undefined:undefined:undefined:undefined":61,"s:421:6:425:Infinity":177,"s:422:8:422:Infinity":178,"s:423:8:423:Infinity":179,"s:424:8:424:Infinity":180,"s:426:6:426:Infinity":181,"s:429:4:429:Infinity":182,"s:430:26:430:Infinity":183,"s:431:4:431:Infinity":184,"s:433:4:446:Infinity":185,"f:434:12:434:17":43,"s:434:17:434:39":186,"b:434:24:434:35:434:35:434:39":62,"f:435:12:435:20":44,"b:436:8:436:Infinity:undefined:undefined:undefined:undefined":63,"s:436:8:436:Infinity":187,"s:436:52:436:Infinity":188,"b:437:8:440:Infinity:undefined:undefined:undefined:undefined":64,"s:437:8:440:Infinity":189,"b:437:12:437:20:437:20:437:33":65,"s:438:10:438:Infinity":190,"s:439:10:439:Infinity":191,"f:442:13:442:19":45,"f:443:15:443:21":46,"b:444:8:444:Infinity:undefined:undefined:undefined:undefined":66,"s:444:8:444:Infinity":192,"s:444:52:444:Infinity":193,"s:445:8:445:Infinity":194,"s:450:2:453:Infinity":195,"f:450:12:450:18":47,"b:451:4:451:Infinity:undefined:undefined:undefined:undefined":67,"s:451:4:451:Infinity":196,"b:451:8:451:24:451:24:451:42:451:42:451:56":68,"s:451:56:451:Infinity":197,"s:452:4:452:Infinity":198,"s:456:2:469:Infinity":199,"f:456:12:456:18":48,"b:457:4:457:Infinity:undefined:undefined:undefined:undefined":69,"s:457:4:457:Infinity":200,"b:457:8:457:24:457:24:457:36:457:36:457:50":70,"s:457:50:457:Infinity":201,"s:458:20:458:Infinity":202,"s:459:4:465:Infinity":203,"f:460:12:460:17":49,"s:460:17:460:39":204,"b:460:24:460:35:460:35:460:39":71,"f:461:12:461:19":50,"b:462:8:462:Infinity:undefined:undefined:undefined:undefined":72,"s:462:8:462:Infinity":205,"s:462:23:462:Infinity":206,"b:463:8:463:Infinity:undefined:undefined:undefined:undefined":73,"s:463:8:463:Infinity":207,"s:463:26:463:Infinity":208,"f:465:13:465:19":51,"s:466:4:468:Infinity":209,"f:466:11:466:17":52,"s:467:6:467:Infinity":210,"b:471:2:471:Infinity:undefined:undefined:undefined:undefined":74,"s:471:2:471:Infinity":211,"s:471:29:471:Infinity":212,"b:473:2:487:Infinity:undefined:undefined:undefined:undefined":75,"s:473:2:487:Infinity":213,"b:473:6:473:19:473:19:473:29":76,"s:474:4:485:Infinity":214,"s:489:21:489:Infinity":215,"b:489:32:489:75:489:75:489:Infinity":77,"s:490:19:490:Infinity":216,"b:490:38:490:55:490:55:490:Infinity":78,"b:490:74:490:92:490:92:490:Infinity":79,"s:491:20:491:Infinity":217,"b:491:39:491:58:491:58:491:Infinity":80,"b:491:77:491:97:491:97:491:Infinity":81,"s:493:2:533:Infinity":218,"b:500:14:504:Infinity:505:14:505:Infinity":82,"b:501:16:501:Infinity:502:16:504:Infinity":83,"b:503:18:503:Infinity:504:18:504:Infinity":84,"b:510:12:516:Infinity:517:14:530:Infinity":85,"b:518:12:529:Infinity:530:14:530:Infinity":86}}}
,"C:\\Users\\USER\\Documents\\GitHub\\ship\\web\\src\\components\\dashboard\\DashboardVariantC.tsx": {"path":"C:\\Users\\USER\\Documents\\GitHub\\ship\\web\\src\\components\\dashboard\\DashboardVariantC.tsx","statementMap":{"0":{"start":{"line":7,"column":63},"end":{"line":7,"column":null}},"1":{"start":{"line":8,"column":51},"end":{"line":8,"column":null}},"2":{"start":{"line":10,"column":22},"end":{"line":10,"column":null}},"3":{"start":{"line":11,"column":19},"end":{"line":11,"column":null}},"4":{"start":{"line":12,"column":21},"end":{"line":12,"column":null}},"5":{"start":{"line":14,"column":18},"end":{"line":14,"column":null}},"6":{"start":{"line":16,"column":2},"end":{"line":22,"column":null}},"7":{"start":{"line":17,"column":4},"end":{"line":20,"column":null}},"8":{"start":{"line":24,"column":22},"end":{"line":24,"column":null}},"9":{"start":{"line":27,"column":24},"end":{"line":27,"column":null}},"10":{"start":{"line":30,"column":24},"end":{"line":33,"column":null}},"11":{"start":{"line":31,"column":18},"end":{"line":31,"column":null}},"12":{"start":{"line":32,"column":4},"end":{"line":32,"column":null}},"13":{"start":{"line":36,"column":21},"end":{"line":36,"column":null}},"14":{"start":{"line":38,"column":2},"end":{"line":94,"column":null}},"15":{"start":{"line":64,"column":12},"end":{"line":64,"column":null}},"16":{"start":{"line":81,"column":14},"end":{"line":85,"column":null}},"17":{"start":{"line":108,"column":30},"end":{"line":116,"column":null}},"18":{"start":{"line":119,"column":19},"end":{"line":119,"column":null}},"19":{"start":{"line":119,"column":41},"end":{"line":119,"column":92}},"20":{"start":{"line":120,"column":2},"end":{"line":131,"column":null}},"21":{"start":{"line":121,"column":4},"end":{"line":125,"column":null}},"22":{"start":{"line":127,"column":4},"end":{"line":130,"column":null}},"23":{"start":{"line":134,"column":20},"end":{"line":134,"column":null}},"24":{"start":{"line":134,"column":42},"end":{"line":134,"column":98}},"25":{"start":{"line":135,"column":2},"end":{"line":146,"column":null}},"26":{"start":{"line":136,"column":4},"end":{"line":140,"column":null}},"27":{"start":{"line":142,"column":4},"end":{"line":145,"column":null}},"28":{"start":{"line":149,"column":2},"end":{"line":152,"column":null}},"29":{"start":{"line":154,"column":2},"end":{"line":154,"column":null}},"30":{"start":{"line":158,"column":16},"end":{"line":158,"column":null}},"31":{"start":{"line":159,"column":20},"end":{"line":159,"column":null}},"32":{"start":{"line":162,"column":2},"end":{"line":164,"column":null}},"33":{"start":{"line":163,"column":4},"end":{"line":163,"column":null}},"34":{"start":{"line":166,"column":2},"end":{"line":166,"column":null}},"35":{"start":{"line":170,"column":16},"end":{"line":170,"column":null}},"36":{"start":{"line":171,"column":16},"end":{"line":171,"column":null}},"37":{"start":{"line":173,"column":19},"end":{"line":173,"column":null}},"38":{"start":{"line":175,"column":2},"end":{"line":230,"column":null}},"39":{"start":{"line":178,"column":24},"end":{"line":178,"column":null}},"40":{"start":{"line":180,"column":8},"end":{"line":227,"column":null}},"41":{"start":{"line":198,"column":31},"end":{"line":203,"column":null}},"42":{"start":{"line":204,"column":32},"end":{"line":209,"column":null}},"43":{"start":{"line":212,"column":16},"end":{"line":215,"column":null}},"44":{"start":{"line":218,"column":14},"end":{"line":224,"column":null}},"45":{"start":{"line":219,"column":16},"end":{"line":222,"column":null}},"46":{"start":{"line":225,"column":14},"end":{"line":225,"column":null}},"47":{"start":{"line":235,"column":20},"end":{"line":235,"column":null}},"48":{"start":{"line":236,"column":18},"end":{"line":236,"column":null}},"49":{"start":{"line":238,"column":22},"end":{"line":240,"column":null}},"50":{"start":{"line":242,"column":2},"end":{"line":275,"column":null}},"51":{"start":{"line":286,"column":15},"end":{"line":286,"column":null}},"52":{"start":{"line":287,"column":24},"end":{"line":287,"column":null}},"53":{"start":{"line":289,"column":2},"end":{"line":320,"column":null}},"54":{"start":{"line":304,"column":12},"end":{"line":309,"column":null}}},"fnMap":{"0":{"name":"DashboardVariantC","decl":{"start":{"line":6,"column":16},"end":{"line":6,"column":36}},"loc":{"start":{"line":6,"column":36},"end":{"line":96,"column":null}},"line":6},"1":{"name":"(anonymous_1)","decl":{"start":{"line":30,"column":46},"end":{"line":30,"column":47}},"loc":{"start":{"line":30,"column":56},"end":{"line":33,"column":3}},"line":30},"2":{"name":"(anonymous_2)","decl":{"start":{"line":63,"column":29},"end":{"line":63,"column":30}},"loc":{"start":{"line":64,"column":12},"end":{"line":64,"column":null}},"line":64},"3":{"name":"(anonymous_3)","decl":{"start":{"line":80,"column":26},"end":{"line":80,"column":27}},"loc":{"start":{"line":81,"column":14},"end":{"line":85,"column":null}},"line":81},"4":{"name":"buildTimeline","decl":{"start":{"line":107,"column":9},"end":{"line":107,"column":23}},"loc":{"start":{"line":107,"column":85},"end":{"line":155,"column":null}},"line":107},"5":{"name":"(anonymous_5)","decl":{"start":{"line":119,"column":36},"end":{"line":119,"column":41}},"loc":{"start":{"line":119,"column":41},"end":{"line":119,"column":92}},"line":119},"6":{"name":"(anonymous_6)","decl":{"start":{"line":134,"column":37},"end":{"line":134,"column":42}},"loc":{"start":{"line":134,"column":42},"end":{"line":134,"column":98}},"line":134},"7":{"name":"findNextRitual","decl":{"start":{"line":157,"column":9},"end":{"line":157,"column":24}},"loc":{"start":{"line":157,"column":59},"end":{"line":167,"column":null}},"line":157},"8":{"name":"WeekTimeline","decl":{"start":{"line":169,"column":9},"end":{"line":169,"column":22}},"loc":{"start":{"line":169,"column":94},"end":{"line":232,"column":null}},"line":169},"9":{"name":"(anonymous_9)","decl":{"start":{"line":177,"column":17},"end":{"line":177,"column":18}},"loc":{"start":{"line":177,"column":29},"end":{"line":229,"column":7}},"line":177},"10":{"name":"(anonymous_10)","decl":{"start":{"line":197,"column":29},"end":{"line":197,"column":30}},"loc":{"start":{"line":197,"column":44},"end":{"line":226,"column":13}},"line":197},"11":{"name":"PromptCard","decl":{"start":{"line":234,"column":9},"end":{"line":234,"column":20}},"loc":{"start":{"line":234,"column":52},"end":{"line":277,"column":null}},"line":234},"12":{"name":"FocusCard","decl":{"start":{"line":279,"column":9},"end":{"line":279,"column":19}},"loc":{"start":{"line":285,"column":3},"end":{"line":322,"column":null}},"line":285},"13":{"name":"(anonymous_13)","decl":{"start":{"line":303,"column":26},"end":{"line":303,"column":27}},"loc":{"start":{"line":304,"column":12},"end":{"line":309,"column":null}},"line":304}},"branchMap":{"0":{"loc":{"start":{"line":10,"column":22},"end":{"line":10,"column":null}},"type":"binary-expr","locations":[{"start":{"line":10,"column":22},"end":{"line":10,"column":55}},{"start":{"line":10,"column":55},"end":{"line":10,"column":null}}],"line":10},"1":{"loc":{"start":{"line":11,"column":19},"end":{"line":11,"column":null}},"type":"binary-expr","locations":[{"start":{"line":11,"column":19},"end":{"line":11,"column":42}},{"start":{"line":11,"column":42},"end":{"line":11,"column":null}}],"line":11},"2":{"loc":{"start":{"line":12,"column":21},"end":{"line":12,"column":null}},"type":"binary-expr","locations":[{"start":{"line":12,"column":21},"end":{"line":12,"column":55}},{"start":{"line":12,"column":55},"end":{"line":12,"column":null}}],"line":12},"3":{"loc":{"start":{"line":14,"column":18},"end":{"line":14,"column":null}},"type":"binary-expr","locations":[{"start":{"line":14,"column":18},"end":{"line":14,"column":40}},{"start":{"line":14,"column":40},"end":{"line":14,"column":null}}],"line":14},"4":{"loc":{"start":{"line":16,"column":2},"end":{"line":22,"column":null}},"type":"if","locations":[{"start":{"line":16,"column":2},"end":{"line":22,"column":null}},{"start":{},"end":{}}],"line":16},"5":{"loc":{"start":{"line":44,"column":7},"end":{"line":66,"column":null}},"type":"cond-expr","locations":[{"start":{"line":45,"column":8},"end":{"line":60,"column":null}},{"start":{"line":62,"column":8},"end":{"line":66,"column":null}}],"line":44},"6":{"loc":{"start":{"line":52,"column":11},"end":{"line":58,"column":null}},"type":"binary-expr","locations":[{"start":{"line":52,"column":11},"end":{"line":52,"column":null}},{"start":{"line":53,"column":12},"end":{"line":58,"column":null}}],"line":52},"7":{"loc":{"start":{"line":75,"column":21},"end":{"line":75,"column":null}},"type":"cond-expr","locations":[{"start":{"line":75,"column":35},"end":{"line":75,"column":50}},{"start":{"line":75,"column":50},"end":{"line":75,"column":null}}],"line":75},"8":{"loc":{"start":{"line":78,"column":9},"end":{"line":91,"column":null}},"type":"cond-expr","locations":[{"start":{"line":79,"column":10},"end":{"line":87,"column":null}},{"start":{"line":89,"column":10},"end":{"line":91,"column":null}}],"line":78},"9":{"loc":{"start":{"line":119,"column":41},"end":{"line":119,"column":92}},"type":"binary-expr","locations":[{"start":{"line":119,"column":41},"end":{"line":119,"column":62}},{"start":{"line":119,"column":62},"end":{"line":119,"column":92}}],"line":119},"10":{"loc":{"start":{"line":120,"column":2},"end":{"line":131,"column":null}},"type":"if","locations":[{"start":{"line":120,"column":2},"end":{"line":131,"column":null}},{"start":{"line":126,"column":9},"end":{"line":131,"column":null}}],"line":120},"11":{"loc":{"start":{"line":123,"column":14},"end":{"line":123,"column":null}},"type":"cond-expr","locations":[{"start":{"line":123,"column":47},"end":{"line":123,"column":59}},{"start":{"line":123,"column":59},"end":{"line":123,"column":null}}],"line":123},"12":{"loc":{"start":{"line":134,"column":42},"end":{"line":134,"column":98}},"type":"binary-expr","locations":[{"start":{"line":134,"column":42},"end":{"line":134,"column":64}},{"start":{"line":134,"column":64},"end":{"line":134,"column":98}}],"line":134},"13":{"loc":{"start":{"line":135,"column":2},"end":{"line":146,"column":null}},"type":"if","locations":[{"start":{"line":135,"column":2},"end":{"line":146,"column":null}},{"start":{"line":141,"column":9},"end":{"line":146,"column":null}}],"line":135},"14":{"loc":{"start":{"line":138,"column":14},"end":{"line":138,"column":null}},"type":"cond-expr","locations":[{"start":{"line":138,"column":48},"end":{"line":138,"column":60}},{"start":{"line":138,"column":60},"end":{"line":138,"column":null}}],"line":138},"15":{"loc":{"start":{"line":162,"column":2},"end":{"line":164,"column":null}},"type":"if","locations":[{"start":{"line":162,"column":2},"end":{"line":164,"column":null}},{"start":{},"end":{}}],"line":162},"16":{"loc":{"start":{"line":173,"column":19},"end":{"line":173,"column":null}},"type":"cond-expr","locations":[{"start":{"line":173,"column":33},"end":{"line":173,"column":37}},{"start":{"line":173,"column":37},"end":{"line":173,"column":null}}],"line":173},"17":{"loc":{"start":{"line":185,"column":14},"end":{"line":185,"column":null}},"type":"binary-expr","locations":[{"start":{"line":185,"column":14},"end":{"line":185,"column":25}},{"start":{"line":185,"column":25},"end":{"line":185,"column":null}}],"line":185},"18":{"loc":{"start":{"line":188,"column":13},"end":{"line":189,"column":null}},"type":"binary-expr","locations":[{"start":{"line":188,"column":13},"end":{"line":188,"column":null}},{"start":{"line":189,"column":14},"end":{"line":189,"column":null}}],"line":188},"19":{"loc":{"start":{"line":193,"column":14},"end":{"line":193,"column":null}},"type":"cond-expr","locations":[{"start":{"line":193,"column":24},"end":{"line":193,"column":40}},{"start":{"line":193,"column":40},"end":{"line":193,"column":null}}],"line":193},"20":{"loc":{"start":{"line":218,"column":14},"end":{"line":224,"column":null}},"type":"if","locations":[{"start":{"line":218,"column":14},"end":{"line":224,"column":null}},{"start":{},"end":{}}],"line":218},"21":{"loc":{"start":{"line":238,"column":22},"end":{"line":240,"column":null}},"type":"cond-expr","locations":[{"start":{"line":239,"column":6},"end":{"line":239,"column":null}},{"start":{"line":240,"column":6},"end":{"line":240,"column":null}}],"line":238},"22":{"loc":{"start":{"line":245,"column":6},"end":{"line":245,"column":null}},"type":"cond-expr","locations":[{"start":{"line":245,"column":18},"end":{"line":245,"column":40}},{"start":{"line":245,"column":40},"end":{"line":245,"column":null}}],"line":245},"23":{"loc":{"start":{"line":249,"column":8},"end":{"line":249,"column":null}},"type":"cond-expr","locations":[{"start":{"line":249,"column":20},"end":{"line":249,"column":37}},{"start":{"line":249,"column":37},"end":{"line":249,"column":null}}],"line":249},"24":{"loc":{"start":{"line":251,"column":9},"end":{"line":251,"column":null}},"type":"cond-expr","locations":[{"start":{"line":251,"column":21},"end":{"line":251,"column":33}},{"start":{"line":251,"column":33},"end":{"line":251,"column":null}}],"line":251},"25":{"loc":{"start":{"line":269,"column":9},"end":{"line":272,"column":null}},"type":"binary-expr","locations":[{"start":{"line":269,"column":9},"end":{"line":269,"column":null}},{"start":{"line":270,"column":10},"end":{"line":272,"column":null}}],"line":269},"26":{"loc":{"start":{"line":286,"column":15},"end":{"line":286,"column":null}},"type":"binary-expr","locations":[{"start":{"line":286,"column":15},"end":{"line":286,"column":31}},{"start":{"line":286,"column":31},"end":{"line":286,"column":null}}],"line":286},"27":{"loc":{"start":{"line":297,"column":16},"end":{"line":297,"column":48}},"type":"binary-expr","locations":[{"start":{"line":297,"column":16},"end":{"line":297,"column":37}},{"start":{"line":297,"column":37},"end":{"line":297,"column":48}}],"line":297},"28":{"loc":{"start":{"line":301,"column":7},"end":{"line":318,"column":null}},"type":"cond-expr","locations":[{"start":{"line":302,"column":8},"end":{"line":311,"column":null}},{"start":{"line":313,"column":8},"end":{"line":318,"column":null}}],"line":301},"29":{"loc":{"start":{"line":301,"column":7},"end":{"line":301,"column":null}},"type":"binary-expr","locations":[{"start":{"line":301,"column":7},"end":{"line":301,"column":15}},{"start":{"line":301,"column":15},"end":{"line":301,"column":null}}],"line":301}},"s":{"0":0,"1":0,"2":0,"3":0,"4":0,"5":0,"6":0,"7":0,"8":0,"9":0,"10":0,"11":0,"12":0,"13":0,"14":0,"15":0,"16":0,"17":0,"18":0,"19":0,"20":0,"21":0,"22":0,"23":0,"24":0,"25":0,"26":0,"27":0,"28":0,"29":0,"30":0,"31":0,"32":0,"33":0,"34":0,"35":0,"36":0,"37":0,"38":0,"39":0,"40":0,"41":0,"42":0,"43":0,"44":0,"45":0,"46":0,"47":0,"48":0,"49":0,"50":0,"51":0,"52":0,"53":0,"54":0},"f":{"0":0,"1":0,"2":0,"3":0,"4":0,"5":0,"6":0,"7":0,"8":0,"9":0,"10":0,"11":0,"12":0,"13":0},"b":{"0":[0,0],"1":[0,0],"2":[0,0],"3":[0,0],"4":[0,0],"5":[0,0],"6":[0,0],"7":[0,0],"8":[0,0],"9":[0,0],"10":[0,0],"11":[0,0],"12":[0,0],"13":[0,0],"14":[0,0],"15":[0,0],"16":[0,0],"17":[0,0],"18":[0,0],"19":[0,0],"20":[0,0],"21":[0,0],"22":[0,0],"23":[0,0],"24":[0,0],"25":[0,0],"26":[0,0],"27":[0,0],"28":[0,0],"29":[0,0]},"meta":{"lastBranch":30,"lastFunction":14,"lastStatement":55,"seen":{"f:6:16:6:36":0,"s:7:63:7:Infinity":0,"s:8:51:8:Infinity":1,"s:10:22:10:Infinity":2,"b:10:22:10:55:10:55:10:Infinity":0,"s:11:19:11:Infinity":3,"b:11:19:11:42:11:42:11:Infinity":1,"s:12:21:12:Infinity":4,"b:12:21:12:55:12:55:12:Infinity":2,"s:14:18:14:Infinity":5,"b:14:18:14:40:14:40:14:Infinity":3,"b:16:2:22:Infinity:undefined:undefined:undefined:undefined":4,"s:16:2:22:Infinity":6,"s:17:4:20:Infinity":7,"s:24:22:24:Infinity":8,"s:27:24:27:Infinity":9,"s:30:24:33:Infinity":10,"f:30:46:30:47":1,"s:31:18:31:Infinity":11,"s:32:4:32:Infinity":12,"s:36:21:36:Infinity":13,"s:38:2:94:Infinity":14,"b:45:8:60:Infinity:62:8:66:Infinity":5,"b:52:11:52:Infinity:53:12:58:Infinity":6,"f:63:29:63:30":2,"s:64:12:64:Infinity":15,"b:75:35:75:50:75:50:75:Infinity":7,"b:79:10:87:Infinity:89:10:91:Infinity":8,"f:80:26:80:27":3,"s:81:14:85:Infinity":16,"f:107:9:107:23":4,"s:108:30:116:Infinity":17,"s:119:19:119:Infinity":18,"f:119:36:119:41":5,"s:119:41:119:92":19,"b:119:41:119:62:119:62:119:92":9,"b:120:2:131:Infinity:126:9:131:Infinity":10,"s:120:2:131:Infinity":20,"s:121:4:125:Infinity":21,"b:123:47:123:59:123:59:123:Infinity":11,"s:127:4:130:Infinity":22,"s:134:20:134:Infinity":23,"f:134:37:134:42":6,"s:134:42:134:98":24,"b:134:42:134:64:134:64:134:98":12,"b:135:2:146:Infinity:141:9:146:Infinity":13,"s:135:2:146:Infinity":25,"s:136:4:140:Infinity":26,"b:138:48:138:60:138:60:138:Infinity":14,"s:142:4:145:Infinity":27,"s:149:2:152:Infinity":28,"s:154:2:154:Infinity":29,"f:157:9:157:24":7,"s:158:16:158:Infinity":30,"s:159:20:159:Infinity":31,"b:162:2:164:Infinity:undefined:undefined:undefined:undefined":15,"s:162:2:164:Infinity":32,"s:163:4:163:Infinity":33,"s:166:2:166:Infinity":34,"f:169:9:169:22":8,"s:170:16:170:Infinity":35,"s:171:16:171:Infinity":36,"s:173:19:173:Infinity":37,"b:173:33:173:37:173:37:173:Infinity":16,"s:175:2:230:Infinity":38,"f:177:17:177:18":9,"s:178:24:178:Infinity":39,"s:180:8:227:Infinity":40,"b:185:14:185:25:185:25:185:Infinity":17,"b:188:13:188:Infinity:189:14:189:Infinity":18,"b:193:24:193:40:193:40:193:Infinity":19,"f:197:29:197:30":10,"s:198:31:203:Infinity":41,"s:204:32:209:Infinity":42,"s:212:16:215:Infinity":43,"b:218:14:224:Infinity:undefined:undefined:undefined:undefined":20,"s:218:14:224:Infinity":44,"s:219:16:222:Infinity":45,"s:225:14:225:Infinity":46,"f:234:9:234:20":11,"s:235:20:235:Infinity":47,"s:236:18:236:Infinity":48,"s:238:22:240:Infinity":49,"b:239:6:239:Infinity:240:6:240:Infinity":21,"s:242:2:275:Infinity":50,"b:245:18:245:40:245:40:245:Infinity":22,"b:249:20:249:37:249:37:249:Infinity":23,"b:251:21:251:33:251:33:251:Infinity":24,"b:269:9:269:Infinity:270:10:272:Infinity":25,"f:279:9:279:19":12,"s:286:15:286:Infinity":51,"b:286:15:286:31:286:31:286:Infinity":26,"s:287:24:287:Infinity":52,"s:289:2:320:Infinity":53,"b:297:16:297:37:297:37:297:48":27,"b:302:8:311:Infinity:313:8:318:Infinity":28,"b:301:7:301:15:301:15:301:Infinity":29,"f:303:26:303:27":13,"s:304:12:309:Infinity":54}}}
[...]
,"C:\\Users\\USER\\Documents\\GitHub\\ship\\web\\src\\services\\upload.ts": {"path":"C:\\Users\\USER\\Documents\\GitHub\\ship\\web\\src\\services\\upload.ts","statementMap":{"0":{"start":{"line":8,"column":17},"end":{"line":8,"column":null}},"1":{"start":{"line":11,"column":29},"end":{"line":11,"column":null}},"2":{"start":{"line":12,"column":37},"end":{"line":12,"column":null}},"3":{"start":{"line":32,"column":14},"end":{"line":32,"column":null}},"4":{"start":{"line":33,"column":2},"end":{"line":33,"column":null}},"5":{"start":{"line":33,"column":15},"end":{"line":33,"column":null}},"6":{"start":{"line":34,"column":20},"end":{"line":34,"column":null}},"7":{"start":{"line":35,"column":2},"end":{"line":35,"column":null}},"8":{"start":{"line":51,"column":2},"end":{"line":53,"column":null}},"9":{"start":{"line":52,"column":4},"end":{"line":52,"column":null}},"10":{"start":{"line":55,"column":20},"end":{"line":55,"column":null}},"11":{"start":{"line":57,"column":35},"end":{"line":61,"column":null}},"12":{"start":{"line":63,"column":25},"end":{"line":66,"column":null}},"13":{"start":{"line":64,"column":4},"end":{"line":64,"column":null}},"14":{"start":{"line":65,"column":4},"end":{"line":65,"column":null}},"15":{"start":{"line":68,"column":2},"end":{"line":188,"column":null}},"16":{"start":{"line":70,"column":4},"end":{"line":70,"column":null}},"17":{"start":{"line":73,"column":30},"end":{"line":73,"column":null}},"18":{"start":{"line":75,"column":25},"end":{"line":88,"column":null}},"19":{"start":{"line":90,"column":4},"end":{"line":93,"column":null}},"20":{"start":{"line":91,"column":20},"end":{"line":91,"column":null}},"21":{"start":{"line":92,"column":6},"end":{"line":92,"column":null}},"22":{"start":{"line":95,"column":41},"end":{"line":95,"column":null}},"23":{"start":{"line":96,"column":4},"end":{"line":96,"column":null}},"24":{"start":{"line":99,"column":4},"end":{"line":99,"column":null}},"25":{"start":{"line":102,"column":26},"end":{"line":102,"column":null}},"26":{"start":{"line":103,"column":26},"end":{"line":103,"column":null}},"27":{"start":{"line":105,"column":23},"end":{"line":105,"column":null}},"28":{"start":{"line":107,"column":4},"end":{"line":181,"column":null}},"29":{"start":{"line":109,"column":24},"end":{"line":118,"column":null}},"30":{"start":{"line":120,"column":6},"end":{"line":123,"column":null}},"31":{"start":{"line":121,"column":22},"end":{"line":121,"column":null}},"32":{"start":{"line":122,"column":8},"end":{"line":122,"column":null}},"33":{"start":{"line":125,"column":6},"end":{"line":125,"column":null}},"34":{"start":{"line":129,"column":22},"end":{"line":132,"column":null}},"35":{"start":{"line":134,"column":6},"end":{"line":136,"column":null}},"36":{"start":{"line":135,"column":8},"end":{"line":135,"column":null}},"37":{"start":{"line":138,"column":23},"end":{"line":138,"column":null}},"38":{"start":{"line":139,"column":6},"end":{"line":139,"column":null}},"39":{"start":{"line":141,"column":6},"end":{"line":144,"column":null}},"40":{"start":{"line":147,"column":24},"end":{"line":154,"column":null}},"41":{"start":{"line":156,"column":6},"end":{"line":158,"column":null}},"42":{"start":{"line":157,"column":8},"end":{"line":157,"column":null}},"43":{"start":{"line":160,"column":6},"end":{"line":160,"column":null}},"44":{"start":{"line":163,"column":25},"end":{"line":170,"column":null}},"45":{"start":{"line":172,"column":6},"end":{"line":175,"column":null}},"46":{"start":{"line":173,"column":22},"end":{"line":173,"column":null}},"47":{"start":{"line":174,"column":8},"end":{"line":174,"column":null}},"48":{"start":{"line":177,"column":25},"end":{"line":177,"column":null}},"49":{"start":{"line":178,"column":6},"end":{"line":178,"column":null}},"50":{"start":{"line":180,"column":6},"end":{"line":180,"column":null}},"51":{"start":{"line":183,"column":4},"end":{"line":186,"column":null}},"52":{"start":{"line":187,"column":4},"end":{"line":187,"column":null}},"53":{"start":{"line":200,"column":14},"end":{"line":200,"column":null}},"54":{"start":{"line":201,"column":15},"end":{"line":201,"column":null}},"55":{"start":{"line":202,"column":15},"end":{"line":202,"column":null}},"56":{"start":{"line":204,"column":2},"end":{"line":204,"column":null}},"57":{"start":{"line":212,"column":27},"end":{"line":227,"column":null}},"58":{"start":{"line":233,"column":50},"end":{"line":255,"column":null}},"59":{"start":{"line":261,"column":14},"end":{"line":261,"column":null}},"60":{"start":{"line":262,"column":2},"end":{"line":262,"column":null}},"61":{"start":{"line":272,"column":2},"end":{"line":274,"column":null}},"62":{"start":{"line":273,"column":4},"end":{"line":273,"column":null}},"63":{"start":{"line":277,"column":14},"end":{"line":277,"column":null}},"64":{"start":{"line":280,"column":2},"end":{"line":282,"column":null}},"65":{"start":{"line":281,"column":4},"end":{"line":281,"column":null}},"66":{"start":{"line":285,"column":2},"end":{"line":285,"column":null}},"67":{"start":{"line":292,"column":2},"end":{"line":292,"column":null}}},"fnMap":{"0":{"name":"getCsrfToken","decl":{"start":{"line":31,"column":15},"end":{"line":31,"column":47}},"loc":{"start":{"line":31,"column":47},"end":{"line":36,"column":null}},"line":31},"1":{"name":"uploadFile","decl":{"start":{"line":45,"column":22},"end":{"line":45,"column":null}},"loc":{"start":{"line":49,"column":25},"end":{"line":189,"column":null}},"line":49},"2":{"name":"(anonymous_2)","decl":{"start":{"line":63,"column":25},"end":{"line":63,"column":26}},"loc":{"start":{"line":63,"column":63},"end":{"line":66,"column":null}},"line":63},"3":{"name":"uploadDataUrl","decl":{"start":{"line":194,"column":22},"end":{"line":194,"column":null}},"loc":{"start":{"line":198,"column":25},"end":{"line":205,"column":null}},"line":198},"4":{"name":"getMimeTypeFromExtension","decl":{"start":{"line":260,"column":16},"end":{"line":260,"column":41}},"loc":{"start":{"line":260,"column":74},"end":{"line":263,"column":null}},"line":260},"5":{"name":"isAllowedFileType","decl":{"start":{"line":270,"column":16},"end":{"line":270,"column":34}},"loc":{"start":{"line":270,"column":80},"end":{"line":286,"column":null}},"line":270},"6":{"name":"isImageFile","decl":{"start":{"line":291,"column":16},"end":{"line":291,"column":28}},"loc":{"start":{"line":291,"column":55},"end":{"line":293,"column":null}},"line":291}},"branchMap":{"0":{"loc":{"start":{"line":8,"column":17},"end":{"line":8,"column":null}},"type":"binary-expr","locations":[{"start":{"line":8,"column":17},"end":{"line":8,"column":49}},{"start":{"line":8,"column":49},"end":{"line":8,"column":null}}],"line":8},"1":{"loc":{"start":{"line":33,"column":2},"end":{"line":33,"column":null}},"type":"if","locations":[{"start":{"line":33,"column":2},"end":{"line":33,"column":null}},{"start":{},"end":{}}],"line":33},"2":{"loc":{"start":{"line":51,"column":2},"end":{"line":53,"column":null}},"type":"if","locations":[{"start":{"line":51,"column":2},"end":{"line":53,"column":null}},{"start":{},"end":{}}],"line":51},"3":{"loc":{"start":{"line":73,"column":30},"end":{"line":73,"column":null}},"type":"binary-expr","locations":[{"start":{"line":73,"column":30},"end":{"line":73,"column":43}},{"start":{"line":73,"column":43},"end":{"line":73,"column":82}},{"start":{"line":73,"column":82},"end":{"line":73,"column":null}}],"line":73},"4":{"loc":{"start":{"line":90,"column":4},"end":{"line":93,"column":null}},"type":"if","locations":[{"start":{"line":90,"column":4},"end":{"line":93,"column":null}},{"start":{},"end":{}}],"line":90},"5":{"loc":{"start":{"line":92,"column":22},"end":{"line":92,"column":70}},"type":"binary-expr","locations":[{"start":{"line":92,"column":22},"end":{"line":92,"column":37}},{"start":{"line":92,"column":37},"end":{"line":92,"column":70}}],"line":92},"6":{"loc":{"start":{"line":103,"column":26},"end":{"line":103,"column":null}},"type":"cond-expr","locations":[{"start":{"line":103,"column":42},"end":{"line":103,"column":70}},{"start":{"line":103,"column":70},"end":{"line":103,"column":null}}],"line":103},"7":{"loc":{"start":{"line":107,"column":4},"end":{"line":181,"column":null}},"type":"if","locations":[{"start":{"line":107,"column":4},"end":{"line":181,"column":null}},{"start":{"line":145,"column":11},"end":{"line":181,"column":null}}],"line":107},"8":{"loc":{"start":{"line":120,"column":6},"end":{"line":123,"column":null}},"type":"if","locations":[{"start":{"line":120,"column":6},"end":{"line":123,"column":null}},{"start":{},"end":{}}],"line":120},"9":{"loc":{"start":{"line":122,"column":24},"end":{"line":122,"column":62}},"type":"binary-expr","locations":[{"start":{"line":122,"column":24},"end":{"line":122,"column":39}},{"start":{"line":122,"column":39},"end":{"line":122,"column":62}}],"line":122},"10":{"loc":{"start":{"line":134,"column":6},"end":{"line":136,"column":null}},"type":"if","locations":[{"start":{"line":134,"column":6},"end":{"line":136,"column":null}},{"start":{},"end":{}}],"line":134},"11":{"loc":{"start":{"line":156,"column":6},"end":{"line":158,"column":null}},"type":"if","locations":[{"start":{"line":156,"column":6},"end":{"line":158,"column":null}},{"start":{},"end":{}}],"line":156},"12":{"loc":{"start":{"line":172,"column":6},"end":{"line":175,"column":null}},"type":"if","locations":[{"start":{"line":172,"column":6},"end":{"line":175,"column":null}},{"start":{},"end":{}}],"line":172},"13":{"loc":{"start":{"line":174,"column":24},"end":{"line":174,"column":65}},"type":"binary-expr","locations":[{"start":{"line":174,"column":24},"end":{"line":174,"column":39}},{"start":{"line":174,"column":39},"end":{"line":174,"column":65}}],"line":174},"14":{"loc":{"start":{"line":185,"column":13},"end":{"line":185,"column":null}},"type":"cond-expr","locations":[{"start":{"line":185,"column":38},"end":{"line":185,"column":54}},{"start":{"line":185,"column":54},"end":{"line":185,"column":null}}],"line":185},"15":{"loc":{"start":{"line":262,"column":9},"end":{"line":262,"column":null}},"type":"binary-expr","locations":[{"start":{"line":262,"column":9},"end":{"line":262,"column":35}},{"start":{"line":262,"column":35},"end":{"line":262,"column":null}}],"line":262},"16":{"loc":{"start":{"line":272,"column":2},"end":{"line":274,"column":null}},"type":"if","locations":[{"start":{"line":272,"column":2},"end":{"line":274,"column":null}},{"start":{},"end":{}}],"line":272},"17":{"loc":{"start":{"line":280,"column":2},"end":{"line":282,"column":null}},"type":"if","locations":[{"start":{"line":280,"column":2},"end":{"line":282,"column":null}},{"start":{},"end":{}}],"line":280}},"s":{"0":2,"1":2,"2":2,"3":0,"4":0,"5":0,"6":0,"7":0,"8":0,"9":0,"10":0,"11":0,"12":0,"13":0,"14":0,"15":0,"16":0,"17":0,"18":0,"19":0,"20":0,"21":0,"22":0,"23":0,"24":0,"25":0,"26":0,"27":0,"28":0,"29":0,"30":0,"31":0,"32":0,"33":0,"34":0,"35":0,"36":0,"37":0,"38":0,"39":0,"40":0,"41":0,"42":0,"43":0,"44":0,"45":0,"46":0,"47":0,"48":0,"49":0,"50":0,"51":0,"52":0,"53":0,"54":0,"55":0,"56":0,"57":2,"58":2,"59":0,"60":0,"61":0,"62":0,"63":0,"64":0,"65":0,"66":0,"67":0},"f":{"0":0,"1":0,"2":0,"3":0,"4":0,"5":0,"6":0},"b":{"0":[2,2],"1":[0,0],"2":[0,0],"3":[0,0,0],"4":[0,0],"5":[0,0],"6":[0,0],"7":[0,0],"8":[0,0],"9":[0,0],"10":[0,0],"11":[0,0],"12":[0,0],"13":[0,0],"14":[0,0],"15":[0,0],"16":[0,0],"17":[0,0]},"meta":{"lastBranch":18,"lastFunction":7,"lastStatement":68,"seen":{"s:8:17:8:Infinity":0,"b:8:17:8:49:8:49:8:Infinity":0,"s:11:29:11:Infinity":1,"s:12:37:12:Infinity":2,"f:31:15:31:47":0,"s:32:14:32:Infinity":3,"b:33:2:33:Infinity:undefined:undefined:undefined:undefined":1,"s:33:2:33:Infinity":4,"s:33:15:33:Infinity":5,"s:34:20:34:Infinity":6,"s:35:2:35:Infinity":7,"f:45:22:45:Infinity":1,"b:51:2:53:Infinity:undefined:undefined:undefined:undefined":2,"s:51:2:53:Infinity":8,"s:52:4:52:Infinity":9,"s:55:20:55:Infinity":10,"s:57:35:61:Infinity":11,"s:63:25:66:Infinity":12,"f:63:25:63:26":2,"s:64:4:64:Infinity":13,"s:65:4:65:Infinity":14,"s:68:2:188:Infinity":15,"s:70:4:70:Infinity":16,"s:73:30:73:Infinity":17,"b:73:30:73:43:73:43:73:82:73:82:73:Infinity":3,"s:75:25:88:Infinity":18,"b:90:4:93:Infinity:undefined:undefined:undefined:undefined":4,"s:90:4:93:Infinity":19,"s:91:20:91:Infinity":20,"s:92:6:92:Infinity":21,"b:92:22:92:37:92:37:92:70":5,"s:95:41:95:Infinity":22,"s:96:4:96:Infinity":23,"s:99:4:99:Infinity":24,"s:102:26:102:Infinity":25,"s:103:26:103:Infinity":26,"b:103:42:103:70:103:70:103:Infinity":6,"s:105:23:105:Infinity":27,"b:107:4:181:Infinity:145:11:181:Infinity":7,"s:107:4:181:Infinity":28,"s:109:24:118:Infinity":29,"b:120:6:123:Infinity:undefined:undefined:undefined:undefined":8,"s:120:6:123:Infinity":30,"s:121:22:121:Infinity":31,"s:122:8:122:Infinity":32,"b:122:24:122:39:122:39:122:62":9,"s:125:6:125:Infinity":33,"s:129:22:132:Infinity":34,"b:134:6:136:Infinity:undefined:undefined:undefined:undefined":10,"s:134:6:136:Infinity":35,"s:135:8:135:Infinity":36,"s:138:23:138:Infinity":37,"s:139:6:139:Infinity":38,"s:141:6:144:Infinity":39,"s:147:24:154:Infinity":40,"b:156:6:158:Infinity:undefined:undefined:undefined:undefined":11,"s:156:6:158:Infinity":41,"s:157:8:157:Infinity":42,"s:160:6:160:Infinity":43,"s:163:25:170:Infinity":44,"b:172:6:175:Infinity:undefined:undefined:undefined:undefined":12,"s:172:6:175:Infinity":45,"s:173:22:173:Infinity":46,"s:174:8:174:Infinity":47,"b:174:24:174:39:174:39:174:65":13,"s:177:25:177:Infinity":48,"s:178:6:178:Infinity":49,"s:180:6:180:Infinity":50,"s:183:4:186:Infinity":51,"b:185:38:185:54:185:54:185:Infinity":14,"s:187:4:187:Infinity":52,"f:194:22:194:Infinity":3,"s:200:14:200:Infinity":53,"s:201:15:201:Infinity":54,"s:202:15:202:Infinity":55,"s:204:2:204:Infinity":56,"s:212:27:227:Infinity":57,"s:233:50:255:Infinity":58,"f:260:16:260:41":4,"s:261:14:261:Infinity":59,"s:262:2:262:Infinity":60,"b:262:9:262:35:262:35:262:Infinity":15,"f:270:16:270:34":5,"b:272:2:274:Infinity:undefined:undefined:undefined:undefined":16,"s:272:2:274:Infinity":61,"s:273:4:273:Infinity":62,"s:277:14:277:Infinity":63,"b:280:2:282:Infinity:undefined:undefined:undefined:undefined":17,"s:280:2:282:Infinity":64,"s:281:4:281:Infinity":65,"s:285:2:285:Infinity":66,"f:291:16:291:28":6,"s:292:2:292:Infinity":67}}}
,"C:\\Users\\USER\\Documents\\GitHub\\ship\\web\\src\\services\\uploadTracker.ts": {"path":"C:\\Users\\USER\\Documents\\GitHub\\ship\\web\\src\\services\\uploadTracker.ts","statementMap":{"0":{"start":{"line":13,"column":22},"end":{"line":13,"column":null}},"1":{"start":{"line":14,"column":18},"end":{"line":14,"column":null}},"2":{"start":{"line":20,"column":2},"end":{"line":20,"column":null}},"3":{"start":{"line":21,"column":2},"end":{"line":21,"column":null}},"4":{"start":{"line":28,"column":17},"end":{"line":28,"column":null}},"5":{"start":{"line":29,"column":2},"end":{"line":32,"column":null}},"6":{"start":{"line":30,"column":4},"end":{"line":30,"column":null}},"7":{"start":{"line":31,"column":4},"end":{"line":31,"column":null}},"8":{"start":{"line":39,"column":2},"end":{"line":39,"column":null}},"9":{"start":{"line":40,"column":2},"end":{"line":40,"column":null}},"10":{"start":{"line":47,"column":2},"end":{"line":47,"column":null}},"11":{"start":{"line":54,"column":2},"end":{"line":54,"column":null}},"12":{"start":{"line":61,"column":2},"end":{"line":61,"column":null}},"13":{"start":{"line":62,"column":2},"end":{"line":62,"column":null}},"14":{"start":{"line":62,"column":15},"end":{"line":62,"column":null}},"15":{"start":{"line":66,"column":2},"end":{"line":66,"column":null}},"16":{"start":{"line":66,"column":34},"end":{"line":66,"column":44}}},"fnMap":{"0":{"name":"registerUpload","decl":{"start":{"line":19,"column":16},"end":{"line":19,"column":31}},"loc":{"start":{"line":19,"column":67},"end":{"line":22,"column":null}},"line":19},"1":{"name":"updateUploadProgress","decl":{"start":{"line":27,"column":16},"end":{"line":27,"column":37}},"loc":{"start":{"line":27,"column":73},"end":{"line":33,"column":null}},"line":27},"2":{"name":"unregisterUpload","decl":{"start":{"line":38,"column":16},"end":{"line":38,"column":33}},"loc":{"start":{"line":38,"column":51},"end":{"line":41,"column":null}},"line":38},"3":{"name":"getUploadCount","decl":{"start":{"line":46,"column":16},"end":{"line":46,"column":41}},"loc":{"start":{"line":46,"column":41},"end":{"line":48,"column":null}},"line":46},"4":{"name":"getActiveUploads","decl":{"start":{"line":53,"column":16},"end":{"line":53,"column":49}},"loc":{"start":{"line":53,"column":49},"end":{"line":55,"column":null}},"line":53},"5":{"name":"subscribeToUploads","decl":{"start":{"line":60,"column":16},"end":{"line":60,"column":35}},"loc":{"start":{"line":60,"column":69},"end":{"line":63,"column":null}},"line":60},"6":{"name":"(anonymous_6)","decl":{"start":{"line":62,"column":9},"end":{"line":62,"column":15}},"loc":{"start":{"line":62,"column":15},"end":{"line":62,"column":null}},"line":62},"7":{"name":"notifyListeners","decl":{"start":{"line":65,"column":9},"end":{"line":65,"column":33}},"loc":{"start":{"line":65,"column":33},"end":{"line":67,"column":null}},"line":65},"8":{"name":"(anonymous_8)","decl":{"start":{"line":66,"column":20},"end":{"line":66,"column":21}},"loc":{"start":{"line":66,"column":34},"end":{"line":66,"column":44}},"line":66}},"branchMap":{"0":{"loc":{"start":{"line":29,"column":2},"end":{"line":32,"column":null}},"type":"if","locations":[{"start":{"line":29,"column":2},"end":{"line":32,"column":null}},{"start":{},"end":{}}],"line":29}},"s":{"0":2,"1":2,"2":0,"3":0,"4":0,"5":0,"6":0,"7":0,"8":0,"9":0,"10":0,"11":0,"12":0,"13":0,"14":0,"15":0,"16":0},"f":{"0":0,"1":0,"2":0,"3":0,"4":0,"5":0,"6":0,"7":0,"8":0},"b":{"0":[0,0]},"meta":{"lastBranch":1,"lastFunction":9,"lastStatement":17,"seen":{"s:13:22:13:Infinity":0,"s:14:18:14:Infinity":1,"f:19:16:19:31":0,"s:20:2:20:Infinity":2,"s:21:2:21:Infinity":3,"f:27:16:27:37":1,"s:28:17:28:Infinity":4,"b:29:2:32:Infinity:undefined:undefined:undefined:undefined":0,"s:29:2:32:Infinity":5,"s:30:4:30:Infinity":6,"s:31:4:31:Infinity":7,"f:38:16:38:33":2,"s:39:2:39:Infinity":8,"s:40:2:40:Infinity":9,"f:46:16:46:41":3,"s:47:2:47:Infinity":10,"f:53:16:53:49":4,"s:54:2:54:Infinity":11,"f:60:16:60:35":5,"s:61:2:61:Infinity":12,"s:62:2:62:Infinity":13,"f:62:9:62:15":6,"s:62:15:62:Infinity":14,"f:65:9:65:33":7,"s:66:2:66:Infinity":15,"f:66:20:66:21":8,"s:66:34:66:44":16}}}
}
